500
0
1
eji-a 11
1
2
a-b 3
ejj-b 1
499
225
a-ejj 1
e-ejj 1
g-ejj 1
i-ejj 1
ba-ejj 1
bc-ejj 1
be-ejj 1
bi-ejj 1
ca-ejj 1
cc-ejj 1
ce-ejj 1
cg-ejj 1
ci-ejj 1
dc-ejj 1
de-ejj 1
dg-ejj 1
di-ejj 1
ec-ejj 1
ee-ejj 1
eg-ejj 1
fa-ejj 1
fc-ejj 1
fe-ejj 1
fg-ejj 1
fi-ejj 1
ga-ejj 1
gc-ejj 1
ge-ejj 1
gg-ejj 1
gi-ejj 1
ha-ejj 1
hc-ejj 1
he-ejj 1
hg-ejj 1
hi-ejj 1
ia-ejj 1
ic-ejj 1
ie-ejj 1
ig-ejj 1
ja-ejj 1
jc-ejj 1
je-ejj 1
jg-ejj 1
ji-ejj 1
baa-ejj 1
bac-ejj 1
bae-ejj 1
bag-ejj 1
bai-ejj 1
bba-ejj 1
bbc-ejj 1
bbe-ejj 1
bbg-ejj 1
bcc-ejj 1
bcg-ejj 1
bci-ejj 1
bda-ejj 1
bdc-ejj 1
bde-ejj 1
bdg-ejj 1
bdi-ejj 1
bea-ejj 1
bec-ejj 1
bee-ejj 1
beg-ejj 1
bei-ejj 1
bfa-ejj 1
bfc-ejj 1
bfe-ejj 1
bfg-ejj 1
bfi-ejj 1
bga-ejj 1
bgc-ejj 1
bge-ejj 1
bgg-ejj 1
bgi-ejj 1
bha-ejj 1
bhc-ejj 1
bhe-ejj 1
bhg-ejj 1
bhi-ejj 1
bia-ejj 1
bic-ejj 1
bie-ejj 1
big-ejj 1
bii-ejj 1
bja-ejj 1
bjc-ejj 1
bje-ejj 1
bjg-ejj 1
caa-ejj 1
cac-ejj 1
cae-ejj 1
cbc-ejj 1
cbe-ejj 1
cbg-ejj 1
cca-ejj 1
ccc-ejj 1
cce-ejj 1
ccg-ejj 1
cci-ejj 1
cda-ejj 1
cdc-ejj 1
cde-ejj 1
cdg-ejj 1
cdi-ejj 1
cea-ejj 1
cec-ejj 1
cee-ejj 1
ceg-ejj 1
cei-ejj 1
cfa-ejj 1
cfc-ejj 1
cfg-ejj 1
cfi-ejj 1
cgc-ejj 1
cge-ejj 1
cgg-ejj 1
cgi-ejj 1
cha-ejj 1
chc-ejj 1
che-ejj 1
chg-ejj 1
chi-ejj 1
cia-ejj 1
cic-ejj 1
cie-ejj 1
cig-ejj 1
cii-ejj 1
cja-ejj 1
cjc-ejj 1
cje-ejj 1
cjg-ejj 1
cji-ejj 1
daa-ejj 1
dac-ejj 1
dae-ejj 1
dag-ejj 1
dai-ejj 1
dba-ejj 1
dbg-ejj 1
dca-ejj 1
dcc-ejj 1
dce-ejj 1
dcg-ejj 1
dci-ejj 1
dda-ejj 1
ddc-ejj 1
dde-ejj 1
ddg-ejj 1
ddi-ejj 1
dea-ejj 1
dec-ejj 1
dee-ejj 1
deg-ejj 1
dei-ejj 1
dfc-ejj 1
dfg-ejj 1
dfi-ejj 1
dga-ejj 1
dge-ejj 1
dgi-ejj 1
dha-ejj 1
dhc-ejj 1
dhe-ejj 1
dhg-ejj 1
dhi-ejj 1
dia-ejj 1
dic-ejj 1
die-ejj 1
dig-ejj 1
dii-ejj 1
dja-ejj 1
djc-ejj 1
dje-ejj 1
djg-ejj 1
dji-ejj 1
eaa-ejj 1
eac-ejj 1
eae-ejj 1
eag-ejj 1
eai-ejj 1
eba-ejj 1
ebc-ejj 1
ebe-ejj 1
ebg-ejj 1
ebi-ejj 1
eca-ejj 1
ecc-ejj 1
ece-ejj 1
ecg-ejj 1
eci-ejj 1
eda-ejj 1
edc-ejj 1
ede-ejj 1
edg-ejj 1
edi-ejj 1
eea-ejj 1
eec-ejj 1
eee-ejj 1
eeg-ejj 1
eei-ejj 1
efa-ejj 1
efc-ejj 1
efe-ejj 1
efi-ejj 1
egc-ejj 1
ege-ejj 1
egg-ejj 1
egi-ejj 1
eha-ejj 1
ehc-ejj 1
ehe-ejj 1
ehg-ejj 1
ehi-ejj 1
eia-ejj 1
eic-ejj 1
eie-ejj 1
eig-ejj 1
eii-ejj 1
eja-ejj 1
ejc-ejj 1
eje-ejj 1
ejg-ejj 1
eji-ejj 1
2
1
b-c 11
3
2
c-d 8
ejj-d 3
4
1
d-e 11
5
2
e-f 7
ejj-f 4
6
1
f-g 11
7
2
g-h 5
ejj-h 6
8
1
h-i 11
9
2
i-j 10
ejj-j 1
10
1
j-ba 11
11
2
ba-bb 7
ejj-bb 4
12
1
bb-bc 11
13
2
bc-bd 7
ejj-bd 4
14
1
bd-be 11
15
2
be-bf 8
ejj-bf 3
16
1
bf-bg 11
17
2
bg-bh 9
ejj-bh 2
18
1
bh-bi 11
19
2
bi-bj 7
ejj-bj 4
20
1
bj-ca 11
21
2
ca-cb 7
ejj-cb 5
22
1
cb-cc 11
23
2
cc-cd 1
ejj-cd 1
24
1
cd-ce 11
25
2
ce-cf 5
ejj-cf 6
26
1
cf-cg 11
27
2
cg-ch 7
ejj-ch 4
28
1
ch-ci 11
29
2
ci-cj 7
ejj-cj 4
30
1
cj-da 11
31
2
da-db 7
ejj-db 4
32
1
db-dc 11
33
2
dc-dd 9
ejj-dd 2
34
1
dd-de 11
35
2
de-df 8
ejj-df 3
36
1
df-dg 11
37
2
dg-dh 7
ejj-dh 4
38
1
dh-di 11
39
2
di-dj 7
ejj-dj 4
40
1
dj-ea 11
41
2
ea-eb 9
ejj-eb 2
42
1
eb-ec 11
43
2
ec-ed 10
ejj-ed 1
44
1
ed-ee 11
45
2
ee-ef 8
ejj-ef 3
46
1
ef-eg 11
47
2
eg-eh 3
ejj-eh 8
48
1
eh-ei 11
49
2
ei-ej 7
ejj-ej 4
50
1
ej-fa 11
51
2
fa-fb 9
ejj-fb 2
52
1
fb-fc 11
53
1
fc-fd 11
54
1
fd-fe 11
55
2
fe-ff 6
ejj-ff 5
56
1
ff-fg 11
57
2
fg-fh 5
ejj-fh 6
58
1
fh-fi 11
59
2
fi-fj 8
ejj-fj 3
60
1
fj-ga 11
61
2
ga-gb 1
ejj-gb 1
62
1
gb-gc 11
63
2
gc-gd 7
ejj-gd 4
64
1
gd-ge 11
65
2
ge-gf 10
ejj-gf 1
66
1
gf-gg 11
67
2
gg-gh 8
ejj-gh 3
68
1
gh-gi 11
69
2
gi-gj 8
ejj-gj 3
70
1
gj-ha 11
71
2
ha-hb 8
ejj-hb 3
72
1
hb-hc 11
73
2
hc-hd 9
ejj-hd 2
74
1
hd-he 11
75
2
he-hf 8
ejj-hf 3
76
1
hf-hg 11
77
2
hg-hh 6
ejj-hh 5
78
1
hh-hi 11
79
2
hi-hj 8
ejj-hj 3
80
1
hj-ia 11
81
2
ia-ib 8
ejj-ib 3
82
1
ib-ic 11
83
2
ic-id 7
ejj-id 4
84
1
id-ie 11
85
2
ie-if 7
ejj-if 4
86
1
if-ig 11
87
2
ig-ih 8
ejj-ih 3
88
1
ih-ii 11
89
2
ii-ij 5
ejj-ij 6
90
1
ij-ja 11
91
2
ja-jb 8
ejj-jb 3
92
1
jb-jc 11
93
2
jc-jd 9
ejj-jd 2
94
1
jd-je 11
95
2
je-jf 3
ejj-jf 1
96
1
jf-jg 11
97
2
jg-jh 7
ejj-jh 5
98
1
jh-ji 11
99
2
ji-jj 9
ejj-jj 2
100
1
jj-baa 11
101
2
baa-bab 5
ejj-bab 1
102
1
bab-bac 11
103
2
bac-bad 8
ejj-bad 3
104
1
bad-bae 11
105
2
bae-baf 2
ejj-baf 1
106
1
baf-bag 11
107
2
bag-bah 7
ejj-bah 4
108
1
bah-bai 11
109
2
bai-baj 8
ejj-baj 3
110
1
baj-bba 11
111
2
bba-bbb 7
ejj-bbb 4
112
1
bbb-bbc 11
113
2
bbc-bbd 8
ejj-bbd 3
114
1
bbd-bbe 11
115
2
bbe-bbf 3
ejj-bbf 1
116
1
bbf-bbg 11
117
2
bbg-bbh 1
ejj-bbh 1
118
1
bbh-bbi 11
119
2
bbi-bbj 7
ejj-bbj 5
120
1
bbj-bca 11
121
2
bca-bcb 1
ejj-bcb 1
122
1
bcb-bcc 11
123
2
bcc-bcd 4
ejj-bcd 7
124
1
bcd-bce 11
125
2
bce-bcf 8
ejj-bcf 3
126
1
bcf-bcg 11
127
2
bcg-bch 7
ejj-bch 4
128
1
bch-bci 11
129
2
bci-bcj 5
ejj-bcj 6
130
1
bcj-bda 11
131
2
bda-bdb 7
ejj-bdb 5
132
1
bdb-bdc 11
133
2
bdc-bdd 7
ejj-bdd 4
134
1
bdd-bde 11
135
2
bde-bdf 8
ejj-bdf 3
136
1
bdf-bdg 11
137
2
bdg-bdh 8
ejj-bdh 3
138
1
bdh-bdi 11
139
2
bdi-bdj 8
ejj-bdj 3
140
1
bdj-bea 11
141
2
bea-beb 7
ejj-beb 4
142
1
beb-bec 11
143
2
bec-bed 7
ejj-bed 4
144
1
bed-bee 11
145
2
bee-bef 6
ejj-bef 5
146
1
bef-beg 11
147
2
beg-beh 8
ejj-beh 3
148
1
beh-bei 11
149
2
bei-bej 7
ejj-bej 5
150
1
bej-bfa 11
151
2
bfa-bfb 8
ejj-bfb 3
152
1
bfb-bfc 11
153
2
bfc-bfd 6
ejj-bfd 5
154
1
bfd-bfe 11
155
2
bfe-bff 7
ejj-bff 5
156
1
bff-bfg 11
157
2
bfg-bfh 7
ejj-bfh 4
158
1
bfh-bfi 11
159
2
bfi-bfj 8
ejj-bfj 3
160
1
bfj-bga 11
161
1
bga-bgb 11
162
1
bgb-bgc 11
163
2
bgc-bgd 7
ejj-bgd 4
164
1
bgd-bge 11
165
2
bge-bgf 6
ejj-bgf 5
166
1
bgf-bgg 11
167
2
bgg-bgh 6
ejj-bgh 5
168
1
bgh-bgi 11
169
2
bgi-bgj 5
ejj-bgj 1
170
1
bgj-bha 11
171
2
bha-bhb 9
ejj-bhb 2
172
1
bhb-bhc 11
173
2
bhc-bhd 10
ejj-bhd 1
174
1
bhd-bhe 11
175
2
bhe-bhf 7
ejj-bhf 4
176
1
bhf-bhg 11
177
2
bhg-bhh 1
ejj-bhh 1
178
1
bhh-bhi 11
179
2
bhi-bhj 9
ejj-bhj 2
180
1
bhj-bia 11
181
2
bia-bib 7
ejj-bib 4
182
1
bib-bic 11
183
2
bic-bid 8
ejj-bid 3
184
1
bid-bie 11
185
2
bie-bif 6
ejj-bif 5
186
1
bif-big 11
187
2
big-bih 8
ejj-bih 3
188
1
bih-bii 11
189
2
bii-bij 5
ejj-bij 6
190
1
bij-bja 11
191
2
bja-bjb 9
ejj-bjb 2
192
1
bjb-bjc 11
193
2
bjc-bjd 8
ejj-bjd 3
194
1
bjd-bje 11
195
2
bje-bjf 10
ejj-bjf 1
196
1
bjf-bjg 11
197
2
bjg-bjh 9
ejj-bjh 2
198
1
bjh-bji 11
199
2
bji-bjj 8
ejj-bjj 3
200
1
bjj-caa 11
201
2
caa-cab 9
ejj-cab 2
202
1
cab-cac 11
203
2
cac-cad 7
ejj-cad 4
204
1
cad-cae 11
205
2
cae-caf 8
ejj-caf 3
206
1
caf-cag 11
207
2
cag-cah 8
ejj-cah 3
208
1
cah-cai 11
209
2
cai-caj 1
ejj-caj 1
210
1
caj-cba 11
211
2
cba-cbb 9
ejj-cbb 2
212
1
cbb-cbc 11
213
2
cbc-cbd 8
ejj-cbd 3
214
1
cbd-cbe 11
215
2
cbe-cbf 7
ejj-cbf 5
216
1
cbf-cbg 11
217
2
cbg-cbh 5
ejj-cbh 6
218
1
cbh-cbi 11
219
2
cbi-cbj 8
ejj-cbj 3
220
1
cbj-cca 11
221
2
cca-ccb 3
ejj-ccb 1
222
1
ccb-ccc 11
223
2
ccc-ccd 8
ejj-ccd 3
224
1
ccd-cce 11
225
2
cce-ccf 8
ejj-ccf 3
226
1
ccf-ccg 11
227
2
ccg-cch 9
ejj-cch 2
228
1
cch-cci 11
229
2
cci-ccj 6
ejj-ccj 5
230
1
ccj-cda 11
231
2
cda-cdb 7
ejj-cdb 4
232
1
cdb-cdc 11
233
2
cdc-cdd 7
ejj-cdd 4
234
1
cdd-cde 11
235
2
cde-cdf 9
ejj-cdf 2
236
1
cdf-cdg 11
237
2
cdg-cdh 9
ejj-cdh 2
238
1
cdh-cdi 11
239
2
cdi-cdj 5
ejj-cdj 6
240
1
cdj-cea 11
241
2
cea-ceb 8
ejj-ceb 3
242
1
ceb-cec 11
243
2
cec-ced 8
ejj-ced 3
244
1
ced-cee 11
245
2
cee-cef 8
ejj-cef 3
246
1
cef-ceg 11
247
2
ceg-ceh 5
ejj-ceh 1
248
1
ceh-cei 11
249
1
cei-cej 11
250
1
cej-cfa 11
251
2
cfa-cfb 9
ejj-cfb 2
252
1
cfb-cfc 11
253
2
cfc-cfd 5
ejj-cfd 7
254
1
cfd-cfe 11
255
2
cfe-cff 6
ejj-cff 5
256
1
cff-cfg 11
257
2
cfg-cfh 8
ejj-cfh 3
258
1
cfh-cfi 11
259
2
cfi-cfj 7
ejj-cfj 4
260
1
cfj-cga 11
261
2
cga-cgb 5
ejj-cgb 1
262
1
cgb-cgc 11
263
2
cgc-cgd 1
ejj-cgd 1
264
1
cgd-cge 11
265
2
cge-cgf 9
ejj-cgf 2
266
1
cgf-cgg 11
267
2
cgg-cgh 10
ejj-cgh 1
268
1
cgh-cgi 11
269
1
cgi-cgj 11
270
1
cgj-cha 11
271
2
cha-chb 5
ejj-chb 6
272
1
chb-chc 11
273
2
chc-chd 7
ejj-chd 5
274
1
chd-che 11
275
2
che-chf 7
ejj-chf 4
276
1
chf-chg 11
277
2
chg-chh 10
ejj-chh 1
278
1
chh-chi 11
279
2
chi-chj 6
ejj-chj 5
280
1
chj-cia 11
281
2
cia-cib 9
ejj-cib 2
282
1
cib-cic 11
283
2
cic-cid 10
ejj-cid 1
284
1
cid-cie 11
285
2
cie-cif 9
ejj-cif 2
286
1
cif-cig 11
287
2
cig-cih 8
ejj-cih 3
288
1
cih-cii 11
289
1
cii-cij 11
290
1
cij-cja 11
291
2
cja-cjb 8
ejj-cjb 3
292
1
cjb-cjc 11
293
2
cjc-cjd 8
ejj-cjd 3
294
1
cjd-cje 11
295
2
cje-cjf 7
ejj-cjf 4
296
1
cjf-cjg 11
297
2
cjg-cjh 7
ejj-cjh 4
298
1
cjh-cji 11
299
2
cji-cjj 6
ejj-cjj 5
300
1
cjj-daa 11
301
2
daa-dab 9
ejj-dab 2
302
1
dab-dac 11
303
2
dac-dad 7
ejj-dad 4
304
1
dad-dae 11
305
2
dae-daf 9
ejj-daf 2
306
1
daf-dag 11
307
2
dag-dah 6
ejj-dah 5
308
1
dah-dai 11
309
2
dai-daj 7
ejj-daj 4
310
1
daj-dba 11
311
2
dba-dbb 6
ejj-dbb 5
312
1
dbb-dbc 11
313
2
dbc-dbd 8
ejj-dbd 3
314
1
dbd-dbe 11
315
2
dbe-dbf 3
ejj-dbf 1
316
1
dbf-dbg 11
317
2
dbg-dbh 3
ejj-dbh 1
318
1
dbh-dbi 11
319
2
dbi-dbj 9
ejj-dbj 2
320
1
dbj-dca 11
321
2
dca-dcb 7
ejj-dcb 4
322
1
dcb-dcc 11
323
2
dcc-dcd 10
ejj-dcd 1
324
1
dcd-dce 11
325
2
dce-dcf 9
ejj-dcf 2
326
1
dcf-dcg 11
327
2
dcg-dch 7
ejj-dch 5
328
1
dch-dci 11
329
2
dci-dcj 2
ejj-dcj 1
330
1
dcj-dda 11
331
2
dda-ddb 7
ejj-ddb 4
332
1
ddb-ddc 11
333
2
ddc-ddd 10
ejj-ddd 1
334
1
ddd-dde 11
335
2
dde-ddf 6
ejj-ddf 5
336
1
ddf-ddg 11
337
2
ddg-ddh 9
ejj-ddh 2
338
1
ddh-ddi 11
339
2
ddi-ddj 7
ejj-ddj 4
340
1
ddj-dea 11
341
2
dea-deb 5
ejj-deb 6
342
1
deb-dec 11
343
2
dec-ded 6
ejj-ded 5
344
1
ded-dee 11
345
2
dee-def 8
ejj-def 3
346
1
def-deg 11
347
2
deg-deh 10
ejj-deh 1
348
1
deh-dei 11
349
2
dei-dej 8
ejj-dej 3
350
1
dej-dfa 11
351
1
dfa-dfb 11
352
1
dfb-dfc 11
353
2
dfc-dfd 8
ejj-dfd 3
354
1
dfd-dfe 11
355
2
dfe-dff 3
ejj-dff 1
356
1
dff-dfg 11
357
2
dfg-dfh 6
ejj-dfh 5
358
1
dfh-dfi 11
359
2
dfi-dfj 6
ejj-dfj 5
360
1
dfj-dga 11
361
2
dga-dgb 8
ejj-dgb 3
362
1
dgb-dgc 11
363
2
dgc-dgd 8
ejj-dgd 3
364
1
dgd-dge 11
365
2
dge-dgf 8
ejj-dgf 3
366
1
dgf-dgg 11
367
2
dgg-dgh 9
ejj-dgh 2
368
1
dgh-dgi 11
369
2
dgi-dgj 7
ejj-dgj 4
370
1
dgj-dha 11
371
2
dha-dhb 9
ejj-dhb 2
372
1
dhb-dhc 11
373
2
dhc-dhd 7
ejj-dhd 4
374
1
dhd-dhe 11
375
2
dhe-dhf 7
ejj-dhf 4
376
1
dhf-dhg 11
377
2
dhg-dhh 8
ejj-dhh 3
378
1
dhh-dhi 11
379
2
dhi-dhj 10
ejj-dhj 1
380
1
dhj-dia 11
381
2
dia-dib 5
ejj-dib 1
382
1
dib-dic 11
383
2
dic-did 7
ejj-did 4
384
1
did-die 11
385
2
die-dif 5
ejj-dif 1
386
1
dif-dig 11
387
2
dig-dih 7
ejj-dih 4
388
1
dih-dii 11
389
2
dii-dij 9
ejj-dij 2
390
1
dij-dja 11
391
2
dja-djb 7
ejj-djb 4
392
1
djb-djc 11
393
2
djc-djd 9
ejj-djd 2
394
1
djd-dje 11
395
1
dje-djf 11
396
1
djf-djg 11
397
2
djg-djh 7
ejj-djh 5
398
1
djh-dji 11
399
2
dji-djj 8
ejj-djj 3
400
1
djj-eaa 11
401
2
eaa-eab 9
ejj-eab 2
402
1
eab-eac 11
403
2
eac-ead 8
ejj-ead 3
404
1
ead-eae 11
405
2
eae-eaf 1
ejj-eaf 1
406
1
eaf-eag 11
407
2
eag-eah 9
ejj-eah 2
408
1
eah-eai 11
409
2
eai-eaj 1
ejj-eaj 1
410
1
eaj-eba 11
411
2
eba-ebb 9
ejj-ebb 2
412
1
ebb-ebc 11
413
2
ebc-ebd 8
ejj-ebd 3
414
1
ebd-ebe 11
415
2
ebe-ebf 3
ejj-ebf 1
416
1
ebf-ebg 11
417
2
ebg-ebh 7
ejj-ebh 4
418
1
ebh-ebi 11
419
2
ebi-ebj 9
ejj-ebj 2
420
1
ebj-eca 11
421
2
eca-ecb 9
ejj-ecb 2
422
1
ecb-ecc 11
423
2
ecc-ecd 2
ejj-ecd 1
424
1
ecd-ece 11
425
2
ece-ecf 8
ejj-ecf 3
426
1
ecf-ecg 11
427
2
ecg-ech 3
ejj-ech 1
428
1
ech-eci 11
429
2
eci-ecj 7
ejj-ecj 4
430
1
ecj-eda 11
431
2
eda-edb 6
ejj-edb 5
432
1
edb-edc 11
433
2
edc-edd 7
ejj-edd 4
434
1
edd-ede 11
435
2
ede-edf 9
ejj-edf 2
436
1
edf-edg 11
437
2
edg-edh 8
ejj-edh 3
438
1
edh-edi 11
439
2
edi-edj 8
ejj-edj 3
440
1
edj-eea 11
441
2
eea-eeb 6
ejj-eeb 5
442
1
eeb-eec 11
443
2
eec-eed 7
ejj-eed 4
444
1
eed-eee 11
445
2
eee-eef 2
ejj-eef 1
446
1
eef-eeg 11
447
2
eeg-eeh 8
ejj-eeh 3
448
1
eeh-eei 11
449
1
eei-eej 11
450
1
eej-efa 11
451
2
efa-efb 8
ejj-efb 3
452
1
efb-efc 11
453
2
efc-efd 5
ejj-efd 6
454
1
efd-efe 11
455
2
efe-eff 6
ejj-eff 5
456
1
eff-efg 11
457
2
efg-efh 8
ejj-efh 3
458
1
efh-efi 11
459
2
efi-efj 8
ejj-efj 3
460
1
efj-ega 11
461
2
ega-egb 8
ejj-egb 3
462
1
egb-egc 11
463
2
egc-egd 9
ejj-egd 2
464
1
egd-ege 11
465
2
ege-egf 7
ejj-egf 4
466
1
egf-egg 11
467
2
egg-egh 1
ejj-egh 2
468
1
egh-egi 11
469
2
egi-egj 8
ejj-egj 3
470
1
egj-eha 11
471
2
eha-ehb 6
ejj-ehb 5
472
1
ehb-ehc 11
473
2
ehc-ehd 8
ejj-ehd 3
474
1
ehd-ehe 11
475
2
ehe-ehf 8
ejj-ehf 3
476
1
ehf-ehg 11
477
2
ehg-ehh 8
ejj-ehh 3
478
1
ehh-ehi 11
479
2
ehi-ehj 7
ejj-ehj 5
480
1
ehj-eia 11
481
2
eia-eib 8
ejj-eib 3
482
1
eib-eic 11
483
2
eic-eid 3
ejj-eid 1
484
1
eid-eie 11
485
2
eie-eif 9
ejj-eif 2
486
1
eif-eig 11
487
1
eig-eih 11
488
1
eih-eii 11
489
2
eii-eij 5
ejj-eij 7
490
1
eij-eja 11
491
2
eja-ejb 6
ejj-ejb 5
492
1
ejb-ejc 11
493
2
ejc-ejd 7
ejj-ejd 5
494
1
ejd-eje 11
495
2
eje-ejf 8
ejj-ejf 3
496
1
ejf-ejg 11
497
2
ejg-ejh 8
ejj-ejh 3
498
1
ejh-eji 11
