1643
0
1
cd-a 11
1
2
dab-b 9
ehb-b 2
2
6
bi-c 1
di-c 1
bih-c 1
dgc-c 1
fcd-c 9
dgj-c 1
3
6
cd-d 1
bjg-d 1
cbd-d 1
hcj-d 1
ii-d 5
bcb-d 4
4
3
d-e 1
cba-e 1
hic-e 10
5
7
e-f 1
bc-f 1
ff-f 1
bda-f 1
jcc-f 1
jbb-f 2
bdjf-f 7
6
6
bfg-g 1
ehc-g 2
iee-g 3
eie-g 3
gic-g 3
bedj-g 1
7
1
bfa-h 11
8
3
geg-i 8
gie-i 2
bahi-i 1
9
4
bi-j 1
ce-j 1
heg-j 1
fbj-j 9
10
2
bdi-ba 1
dhf-ba 1
11
8
bae-bb 1
gc-bb 1
bcb-bb 1
bee-bb 5
cd-bb 1
bcea-bb 1
bcef-bb 3
bgf-bb 2
12
6
ddf-bc 1
ccj-bc 1
dgf-bc 5
baid-bc 1
hbf-bc 3
daa-bc 2
13
3
cch-bd 5
cjb-bd 1
bejh-bd 6
14
4
fec-be 1
bbbj-be 2
babg-be 1
beai-be 8
15
2
hi-bf 9
dh-bf 2
16
7
bi-bg 1
jf-bg 1
iag-bg 1
fib-bg 1
gge-bg 2
bdii-bg 6
baae-bg 1
17
3
hjd-bh 1
ihi-bh 9
bgeh-bh 2
18
5
bc-bi 1
feh-bi 1
hej-bi 1
fic-bi 6
babg-bi 5
19
8
bc-bj 2
ch-bj 1
dg-bj 1
db-bj 2
dhf-bj 3
cii-bj 2
hcj-bj 1
bdbf-bj 1
20
4
cd-ca 1
bai-ca 1
dfg-ca 2
gjh-ca 9
21
3
dcc-cb 1
did-cb 1
edb-cb 2
22
4
ff-cc 1
dgf-cc 2
jgi-cc 1
badc-cc 2
23
6
bhd-cd 1
fae-cd 1
dbg-cd 6
gfa-cd 1
ffb-cd 4
bcaj-cd 1
24
4
bi-ce 2
ef-ce 2
jgf-ce 3
jag-ce 6
25
5
cc-cf 1
fhg-cf 1
eac-cf 7
bbci-cf 1
def-cf 2
26
7
ca-cg 1
eh-cg 1
chb-cg 3
deg-cg 1
deb-cg 1
bd-cg 4
hhc-cg 2
27
6
cd-ch 1
bjd-ch 2
dji-ch 2
ddb-ch 2
hch-ch 2
jgg-ch 4
28
5
hif-ci 1
gbg-ci 1
befi-ci 1
bffg-ci 7
hfh-ci 3
29
3
egd-cj 1
fbi-cj 1
bfgd-cj 9
30
8
ea-da 1
bhd-da 2
eej-da 1
bdf-da 2
gda-da 1
fai-da 3
bcei-da 3
beib-da 2
31
7
bc-db 1
cd-db 1
gi-db 1
bgj-db 1
cbh-db 2
cfj-db 1
bbde-db 7
32
6
ecg-dc 1
iag-dc 1
jbf-dc 1
iej-dc 9
ifh-dc 1
bbgj-dc 1
33
3
fc-dd 2
dfg-dd 2
babg-dd 7
34
4
di-de 3
bhe-de 1
ghj-de 1
eih-de 1
35
5
gc-df 1
igi-df 2
iei-df 1
ibf-df 1
bfgb-df 8
36
8
cee-dg 1
bed-dg 1
hah-dg 3
bcii-dg 3
bdfc-dg 1
bcag-dg 1
bebe-dg 3
bgfe-dg 1
37
5
dc-dh 1
db-dh 1
hha-dh 3
gcd-dh 1
bagf-dh 8
38
1
haf-di 11
39
3
cbh-dj 5
ef-dj 5
gdb-dj 3
40
6
dbb-ea 1
cgg-ea 1
jjh-ea 3
jff-ea 2
eee-ea 2
fda-ea 2
41
3
hac-eb 1
cdi-eb 5
bbfc-eb 6
42
5
fi-ec 2
fc-ec 1
ege-ec 2
ci-ec 1
cdc-ec 7
43
5
eb-ed 1
ech-ed 2
edf-ed 1
bcia-ed 6
bfdc-ed 2
44
3
ejg-ee 1
cfb-ee 2
bacc-ee 3
45
7
bgd-ef 1
bgb-ef 1
cij-ef 1
egh-ef 1
ige-ef 4
cih-ef 4
beeh-ef 2
46
5
bcd-eg 1
bdj-eg 1
cbg-eg 1
ffd-eg 1
ggg-eg 10
47
5
bjb-eh 1
fdd-eh 1
bbfg-eh 4
gdh-eh 5
bbei-eh 1
48
6
bb-ei 1
cbh-ei 1
dff-ei 1
bbje-ei 1
jfj-ei 7
bcjf-ei 2
49
3
cd-ej 2
jia-ej 1
baig-ej 9
50
6
bcb-fa 1
hg-fa 1
bc-fa 1
bhg-fa 1
jji-fa 2
dhe-fa 8
51
3
bdc-fb 6
dfa-fb 3
bcch-fb 2
52
5
jb-fc 1
bcj-fc 1
eab-fc 1
fif-fc 3
bfch-fc 7
53
4
je-fd 1
dd-fd 1
daf-fd 1
dhe-fd 1
54
1
jic-fe 11
55
7
ic-ff 1
bdf-ff 1
dbd-ff 1
bed-ff 1
cje-ff 2
bdcg-ff 1
gb-ff 7
56
1
bfaf-fg 11
57
7
d-fh 2
bdb-fh 1
ccb-fh 2
jh-fh 1
jie-fh 1
jjd-fh 1
bejb-fh 6
58
3
fg-fi 1
hee-fi 2
bfdg-fi 9
59
7
ff-fj 1
bea-fj 1
dbg-fj 5
ddg-fj 1
hfh-fj 1
ifd-fj 2
bcha-fj 2
60
6
cg-ga 1
cih-ga 1
dac-ga 1
eah-ga 1
bi-ga 3
fga-ga 7
61
2
bbeb-gb 1
bbjc-gb 10
62
6
e-gc 1
j-gc 1
bga-gc 1
eie-gc 2
bdfa-gc 4
gge-gc 5
63
8
dbf-gd 1
cfj-gd 2
dai-gd 2
icd-gd 1
je-gd 1
daj-gd 2
gfb-gd 1
bfgc-gd 5
64
2
g-ge 1
dfi-ge 1
65
1
cgh-gf 11
66
5
jdj-gg 1
cdh-gg 4
jhg-gg 1
idf-gg 1
bfjf-gg 6
67
3
bh-gh 1
jci-gh 1
bddh-gh 9
68
3
cbe-gi 1
bcff-gi 9
ch-gi 1
69
3
edh-gj 3
gjj-gj 7
baad-gj 3
70
3
bda-ha 2
db-ha 9
ecc-ha 2
71
2
efh-hb 7
iaa-hb 4
72
4
gg-hc 1
cif-hc 1
dbf-hc 3
ejc-hc 7
74
7
bcd-he 1
bgi-he 2
gij-he 1
gig-he 1
bcjc-he 5
bebb-he 1
hc-he 2
75
4
da-hf 1
dah-hf 1
hie-hf 3
bdbc-hf 2
76
4
dfj-hg 1
bja-hg 7
gbd-hg 2
cgj-hg 2
77
7
bdh-hh 1
caa-hh 1
cae-hh 2
bjb-hh 3
jae-hh 1
gcj-hh 4
beic-hh 1
78
5
fa-hi 1
bac-hi 1
ihf-hi 1
baec-hi 5
iba-hi 5
79
3
di-hj 1
gfg-hj 1
jfc-hj 10
80
4
di-ia 3
ccc-ia 2
bdjd-ia 3
bfeh-ia 5
81
4
gia-ib 3
ghd-ib 5
dea-ib 2
dad-ib 2
82
3
cgi-ic 1
fdf-ic 2
bedh-ic 9
83
4
ej-id 1
ebd-id 1
gbg-id 1
eab-id 10
84
5
bjd-ie 1
dej-ie 1
haj-ie 1
fbb-ie 1
eeh-ie 1
85
3
di-if 1
bcge-if 8
bfce-if 3
86
2
egf-ig 4
baif-ig 7
87
3
bba-ih 1
cgh-ih 8
bcfj-ih 2
88
6
chf-ii 7
eig-ii 1
bacd-ii 1
dgc-ii 1
bacj-ii 3
bgfi-ii 1
89
4
dbi-ij 1
fbc-ij 1
bcd-ij 3
ife-ij 2
90
3
bei-ja 1
fef-ja 1
hij-ja 10
91
4
jc-jb 1
bhe-jb 1
bc-jb 1
ehi-jb 1
92
6
hj-jc 1
gbe-jc 1
gii-jc 1
fci-jc 1
babi-jc 6
bbjg-jc 5
93
2
cae-jd 1
fhj-jd 1
94
6
bbi-je 1
bi-je 3
fcf-je 1
bfc-je 4
gdf-je 3
bfgb-je 2
95
3
dfc-jf 2
iae-jf 3
gbd-jf 6
96
3
ec-jg 1
beb-jg 1
daf-jg 10
97
6
ei-jh 1
ecj-jh 1
bcbf-jh 1
dai-jh 1
hib-jh 1
bbfg-jh 9
98
5
gbe-ji 1
idd-ji 1
bccj-ji 3
bdjh-ji 6
beaa-ji 2
99
3
dej-jj 3
bcee-jj 5
fgf-jj 4
100
5
bfg-baa 1
dfi-baa 1
fhg-baa 1
efg-baa 5
dig-baa 5
101
4
chf-bab 5
ede-bab 3
jhg-bab 2
eic-bab 3
102
5
hj-bac 1
da-bac 1
hfi-bac 1
gja-bac 4
bfe-bac 6
103
3
bfi-bad 1
bha-bad 2
jid-bad 3
104
4
cd-bae 1
bdga-bae 9
dgj-bae 1
ceg-bae 1
105
5
cgb-baf 1
cbg-baf 1
bcb-baf 1
cj-baf 2
bdbh-baf 8
106
7
bcc-bag 1
dad-bag 1
ede-bag 1
fic-bag 1
bbfi-bag 1
baab-bag 1
bfce-bag 2
107
6
deg-bah 2
ddf-bah 1
hbf-bah 2
bbcc-bah 1
ifd-bah 2
gjh-bah 6
108
2
bda-bai 4
cfj-bai 7
109
6
db-baj 2
bda-baj 3
ddb-baj 2
chf-baj 3
eg-baj 4
cjg-baj 2
110
5
hi-bba 1
je-bba 2
dic-bba 2
gdc-bba 5
fbe-bba 4
111
4
bdh-bbb 1
edb-bbb 2
fdh-bbb 5
d-bbb 4
112
5
dbb-bbc 1
jje-bbc 1
gbg-bbc 1
chf-bbc 9
dgb-bbc 1
113
2
bja-bbd 1
gca-bbd 1
114
3
cie-bbe 3
ehd-bbe 6
cb-bbe 2
115
5
fj-bbf 1
bej-bbf 1
dfc-bbf 1
bage-bbf 4
bei-bbf 6
116
6
cbd-bbg 1
bbbj-bbg 1
gdc-bbg 3
eba-bbg 1
eg-bbg 2
iff-bbg 5
117
3
ehi-bbh 1
gjh-bbh 1
bacc-bbh 10
118
9
bca-bbi 1
cea-bbi 1
beb-bbi 1
ib-bbi 1
gfd-bbi 1
cbb-bbi 1
ige-bbi 1
bech-bbi 1
beeh-bbi 9
119
7
bbf-bbj 1
gjh-bbj 1
eh-bbj 1
baja-bbj 1
bbag-bbj 1
fag-bbj 9
ige-bbj 1
120
6
cc-bca 1
bae-bca 1
eae-bca 4
gae-bca 2
cji-bca 4
gaf-bca 1
121
4
bbdg-bcb 3
fba-bcb 7
bdea-bcb 1
bbgc-bcb 2
122
7
bjd-bcc 1
jg-bcc 1
gfi-bcc 1
hgb-bcc 1
bebg-bcc 1
bbab-bcc 2
bbff-bcc 9
123
5
gc-bcd 1
ddj-bcd 2
jec-bcd 3
eed-bcd 7
iie-bcd 1
124
8
bb-bce 1
ccc-bce 1
fed-bce 1
gef-bce 3
edi-bce 2
bi-bce 2
bagd-bce 2
gc-bce 2
125
4
deg-bcf 2
cea-bcf 5
ddj-bcf 3
gih-bcf 2
126
7
di-bcg 2
dbg-bcg 3
cah-bcg 2
bhj-bcg 2
g-bcg 3
hcj-bcg 2
dgg-bcg 2
127
6
bfc-bch 1
dfd-bch 1
ecb-bch 2
gad-bch 4
fbh-bch 4
bgbf-bch 2
128
7
bbc-bci 1
fi-bci 1
fag-bci 1
bagb-bci 2
bbhe-bci 7
bcbc-bci 1
bbf-bci 1
129
7
bbf-bcj 1
bah-bcj 1
cjh-bcj 1
eac-bcj 1
iff-bcj 8
cjg-bcj 1
icj-bcj 1
130
6
ia-bda 1
fbe-bda 1
dhg-bda 1
eh-bda 1
ffa-bda 7
dfj-bda 2
131
8
bfc-bdb 1
djh-bdb 1
bhb-bdb 1
cda-bdb 1
fib-bdb 1
jbg-bdb 1
efd-bdb 6
deh-bdb 2
132
9
bec-bdc 1
fee-bdc 4
bbfe-bdc 1
bbjh-bdc 1
bbah-bdc 1
fdc-bdc 2
jbg-bdc 1
cfc-bdc 1
bfea-bdc 3
133
5
bja-bdd 1
efa-bdd 1
bcgc-bdd 7
bjf-bdd 1
bece-bdd 3
134
6
bdh-bde 1
hhi-bde 1
iah-bde 3
bba-bde 2
gge-bde 3
beec-bde 2
135
6
hc-bdf 1
bhe-bdf 1
gbf-bdf 1
gea-bdf 3
hcg-bdf 5
bbab-bdf 3
136
8
bcc-bdg 1
ch-bdg 1
dhi-bdg 1
jdg-bdg 1
bahh-bdg 6
djj-bdg 1
cha-bdg 1
bbij-bdg 3
137
4
edg-bdh 2
feh-bdh 3
ce-bdh 2
jjg-bdh 5
138
6
ich-bdi 1
gci-bdi 2
iic-bdi 8
bcfj-bdi 1
bffi-bdi 1
jbe-bdi 1
139
7
ffb-bdj 1
igb-bdj 1
igg-bdj 1
bbbh-bdj 1
jfe-bdj 4
geh-bdj 5
hhc-bdj 1
140
4
dgb-bea 2
dgc-bea 8
cdh-bea 1
fif-bea 1
141
8
cbg-beb 1
cbe-beb 1
fe-beb 1
dci-beb 1
edh-beb 1
ffd-beb 1
djg-beb 1
hia-beb 8
142
8
hj-bec 2
eei-bec 1
bdh-bec 1
ii-bec 2
ica-bec 1
bdei-bec 3
hff-bec 1
hea-bec 4
143
6
bhc-bed 1
cfa-bed 1
ica-bed 1
feh-bed 1
cd-bed 8
begd-bed 2
144
5
cfa-bee 1
gjd-bee 1
dfg-bee 1
bbej-bee 1
bgbe-bee 10
145
4
bjd-bef 1
dai-bef 5
jei-bef 1
fgj-bef 4
146
5
bja-beg 2
ea-beg 2
bef-beg 5
fei-beg 4
hgd-beg 2
147
9
hi-beh 2
ef-beh 1
bab-beh 1
cia-beh 1
ih-beh 1
ccg-beh 1
ieh-beh 7
gdd-beh 1
jbj-beh 1
148
5
fge-bei 3
jbi-bei 1
bcgi-bei 2
becg-bei 1
jca-bei 6
149
5
cdi-bej 1
bdb-bej 1
dbi-bej 1
bec-bej 3
fif-bej 7
150
5
ddd-bfa 1
cjd-bfa 7
egg-bfa 2
cdf-bfa 2
ifi-bfa 1
151
2
fda-bfb 1
bdji-bfb 10
152
9
dhb-bfc 1
cdb-bfc 1
fbb-bfc 1
cei-bfc 1
fcb-bfc 1
ifh-bfc 1
gbi-bfc 1
dcb-bfc 8
bafi-bfc 1
153
4
bif-bfd 2
cie-bfd 4
haa-bfd 4
jgi-bfd 3
154
5
cgh-bfe 2
hff-bfe 1
baea-bfe 4
dch-bfe 5
gbc-bfe 2
155
4
fdh-bff 1
gfe-bff 4
eec-bff 5
bcie-bff 2
156
8
bef-bfg 1
hj-bfg 1
fh-bfg 1
dae-bfg 1
be-bfg 1
efi-bfg 1
hhe-bfg 2
bgac-bfg 8
157
4
baf-bfh 1
bae-bfh 1
eaa-bfh 3
gcj-bfh 1
158
7
bacf-bfi 1
ich-bfi 1
idg-bfi 1
jhe-bfi 1
gaa-bfi 4
ecj-bfi 1
bgci-bfi 7
159
5
ded-bfj 1
gce-bfj 1
gif-bfj 2
jjj-bfj 4
bii-bfj 4
160
3
dij-bga 1
efe-bga 2
hbd-bga 8
161
6
dff-bgb 1
hea-bgb 8
bahe-bgb 1
bcga-bgb 1
bedd-bgb 1
cgc-bgb 2
162
7
fd-bgc 1
cdb-bgc 1
ehc-bgc 1
cff-bgc 1
ffi-bgc 1
cgd-bgc 3
bdeh-bgc 5
163
5
f-bgd 1
gd-bgd 1
edg-bgd 6
dbj-bgd 1
bgdh-bgd 3
164
3
d-bge 1
hci-bge 5
jif-bge 5
165
4
bie-bgf 1
bd-bgf 1
baih-bgf 1
iaa-bgf 9
166
6
id-bgg 1
babe-bgg 1
ehg-bgg 4
bcaa-bgg 4
heh-bgg 3
bdde-bgg 1
167
5
dbg-bgh 5
cej-bgh 2
cgg-bgh 1
be-bgh 2
bfgh-bgh 4
168
8
cej-bgi 1
baa-bgi 1
eij-bgi 1
bhh-bgi 1
bc-bgi 1
cbi-bgi 3
dda-bgi 1
daj-bgi 5
169
5
djh-bgj 2
hbh-bgj 2
jai-bgj 3
hch-bgj 4
bffe-bgj 3
170
8
fh-bha 1
ccd-bha 1
ddd-bha 1
edd-bha 1
bff-bha 1
bde-bha 1
bi-bha 1
gi-bha 8
171
6
jh-bhb 1
cda-bhb 1
ih-bhb 2
hhd-bhb 7
fcb-bhb 1
bfbi-bhb 2
172
6
bfe-bhc 1
edf-bhc 1
eje-bhc 1
gfg-bhc 1
bbfd-bhc 7
bagf-bhc 2
173
4
bcb-bhd 1
hj-bhd 4
gii-bhd 2
eed-bhd 5
174
5
bgj-bhe 1
chd-bhe 1
ebi-bhe 1
cfe-bhe 1
daa-bhe 9
175
6
dgi-bhf 2
ech-bhf 3
cgi-bhf 1
ca-bhf 1
jga-bhf 1
bci-bhf 6
176
7
cbg-bhg 1
bci-bhg 1
cfi-bhg 1
baf-bhg 1
cdi-bhg 8
iga-bhg 1
babb-bhg 1
177
4
cbc-bhh 1
cch-bhh 3
efe-bhh 6
bai-bhh 2
178
5
cdb-bhi 1
eaj-bhi 6
ibh-bhi 4
gbb-bhi 1
bacb-bhi 1
179
7
hg-bhj 1
fha-bhj 1
ghd-bhj 1
cb-bhj 1
dbf-bhj 1
bafb-bhj 8
hbc-bhj 1
180
4
hi-bia 3
cch-bia 6
dac-bia 1
bjg-bia 1
181
3
hjj-bib 1
fhc-bib 1
eae-bib 10
182
4
dc-bic 2
baa-bic 5
hdc-bic 2
eee-bic 3
183
4
dec-bid 1
beh-bid 2
bef-bid 2
bajd-bid 1
184
11
bbc-bie 1
bae-bie 1
bef-bie 1
dbe-bie 1
bcc-bie 1
cdc-bie 1
cfe-bie 1
hdd-bie 3
eig-bie 2
bde-bie 2
bcai-bie 2
185
5
cji-bif 1
je-bif 1
bahf-bif 1
babf-bif 4
bgcg-bif 7
186
2
deg-big 8
bdde-big 3
187
4
ccj-bih 1
dcf-bih 2
hef-bih 1
bcff-bih 8
188
5
dfa-bii 2
bga-bii 2
ejd-bii 2
caj-bii 1
bcej-bii 5
189
6
bcj-bij 1
eab-bij 1
cha-bij 5
gfi-bij 1
cia-bij 4
ba-bij 1
190
3
dig-bja 1
ded-bja 1
dca-bja 10
191
4
db-bjb 2
bbee-bjb 5
bcdb-bjb 4
fed-bjb 1
192
5
ibe-bjc 2
bagc-bjc 1
eia-bjc 1
baad-bjc 7
ggh-bjc 1
193
5
di-bjd 1
gd-bjd 1
bij-bjd 1
hdg-bjd 8
ghb-bjd 3
194
4
dgf-bje 1
eja-bje 1
ecd-bje 9
cga-bje 1
195
6
hie-bjf 1
hii-bjf 1
ecg-bjf 1
baff-bjf 8
bccc-bjf 1
hic-bjf 2
196
3
cec-bjg 1
dih-bjg 3
df-bjg 2
197
6
bcb-bjh 3
eah-bjh 1
cd-bjh 6
gfd-bjh 1
jeb-bjh 2
djg-bjh 1
198
4
dbg-bji 1
cgh-bji 1
fdj-bji 1
beeb-bji 10
199
4
jhe-bjj 1
edg-bjj 1
gci-bjj 2
baad-bjj 8
200
6
dhc-caa 1
jgd-caa 1
ecb-caa 3
bafd-caa 2
hfg-caa 2
djj-caa 4
201
6
bdg-cab 6
daf-cab 1
bef-cab 1
cjd-cab 3
jca-cab 1
jbg-cab 1
202
5
cgd-cac 1
djc-cac 1
bbdh-cac 1
dbf-cac 5
fid-cac 5
203
3
edd-cad 1
ege-cad 2
icg-cad 3
204
8
cci-cae 1
bea-cae 1
gdi-cae 1
chb-cae 1
bcb-cae 4
jcd-cae 1
bccg-cae 3
hhb-cae 3
205
3
bafb-caf 10
gag-caf 1
ghc-caf 1
206
4
bbg-cag 1
cie-cag 8
fbi-cag 2
ebb-cag 2
207
6
cce-cah 1
fde-cah 1
fac-cah 1
ih-cah 1
bahc-cah 2
bebe-cah 6
208
2
jda-cai 1
gdb-cai 1
209
4
jh-caj 2
eba-caj 2
eji-caj 5
ghh-caj 5
210
4
bfi-cba 1
bccb-cba 1
bbjf-cba 7
bgdd-cba 4
211
5
ca-cbb 1
be-cbb 2
da-cbb 1
cge-cbb 5
ihc-cbb 4
212
2
efg-cbc 7
bcdg-cbc 4
213
8
ehe-cbd 1
bif-cbd 1
chb-cbd 1
eag-cbd 1
bcdc-cbd 1
cec-cbd 1
jej-cbd 1
jfc-cbd 9
214
1
bbcc-cbe 11
215
3
ceb-cbf 1
cdj-cbf 1
bff-cbf 2
216
4
bdg-cbg 1
hjj-cbg 1
bbfi-cbg 5
becj-cbg 6
217
5
ej-cbh 1
bfg-cbh 1
caj-cbh 1
bhi-cbh 7
jhi-cbh 2
218
3
bdi-cbi 1
ede-cbi 10
ebh-cbi 1
219
5
db-cbj 1
dcf-cbj 2
hi-cbj 1
jec-cbj 1
gjj-cbj 7
220
6
cbe-cca 1
bbi-cca 1
ihg-cca 1
ehi-cca 1
bbdb-cca 4
eea-cca 3
221
6
bjj-ccb 3
eig-ccb 2
ejj-ccb 3
d-ccb 2
ddd-ccb 3
jeh-ccb 3
222
3
eag-ccc 3
bcda-ccc 2
jfh-ccc 7
223
6
cjf-ccd 2
ecd-ccd 1
dhh-ccd 1
eae-ccd 1
feh-ccd 2
bajb-ccd 6
224
4
bdc-cce 2
daf-cce 2
hdf-cce 2
bceh-cce 7
225
7
dca-ccf 2
hcc-ccf 1
ghd-ccf 1
jeg-ccf 1
ihi-ccf 9
ga-ccf 1
bfdd-ccf 1
226
7
bih-ccg 2
fhh-ccg 2
ide-ccg 2
hde-ccg 2
ijd-ccg 3
bahi-ccg 4
hjh-ccg 2
227
4
bhe-cch 1
baaf-cch 4
ice-cch 1
egd-cch 7
228
4
ceb-cci 1
haf-cci 1
bgbg-cci 5
bbfd-cci 5
229
6
cch-ccj 2
eeb-ccj 2
gdf-ccj 2
hji-ccj 6
bch-ccj 1
j-ccj 1
230
3
dd-cda 3
jae-cda 3
ejd-cda 5
231
4
fcf-cdb 1
jaa-cdb 1
bff-cdb 1
ejg-cdb 9
232
6
ccj-cdc 1
gac-cdc 1
eb-cdc 1
fad-cdc 4
ddj-cdc 5
hjg-cdc 1
233
2
db-cdd 3
bebi-cdd 8
234
7
bjb-cde 1
fff-cde 1
bi-cde 1
bj-cde 1
gge-cde 3
hhb-cde 4
bdia-cde 3
235
5
iee-cdf 1
fjc-cdf 10
badh-cdf 1
bhj-cdf 1
dfa-cdf 1
236
6
bdf-cdg 1
eif-cdg 1
cid-cdg 1
gcf-cdg 1
dff-cdg 9
bfjd-cdg 1
237
3
gd-cdh 1
gfd-cdh 1
bbja-cdh 10
238
4
deb-cdi 1
jbc-cdi 1
j-cdi 3
beha-cdi 8
239
3
chh-cdj 1
ega-cdj 9
hgg-cdj 2
240
7
if-cea 1
be-cea 1
cfi-cea 1
cac-cea 1
gbi-cea 1
jaj-cea 6
che-cea 4
241
6
bch-ceb 1
cii-ceb 1
dfe-ceb 1
bfj-ceb 1
dhh-ceb 1
bdea-ceb 10
242
4
bdg-cec 2
bbc-cec 1
bajb-cec 6
bad-cec 3
243
3
cah-ced 2
efg-ced 1
bbgc-ced 9
244
3
eej-cee 3
jhc-cee 1
ic-cee 7
245
4
dab-cef 3
bfi-cef 4
bbec-cef 1
bha-cef 4
246
4
bfa-ceg 1
cah-ceg 4
iag-ceg 4
gdg-ceg 4
247
4
bje-ceh 1
cic-ceh 1
eeg-ceh 2
gdd-ceh 2
248
5
bfb-cei 2
dgf-cei 3
ehj-cei 2
ddf-cei 2
fhi-cei 4
249
8
bda-cej 1
ef-cej 1
dif-cej 2
gig-cej 1
jej-cej 1
bbee-cej 3
bbeg-cej 3
bh-cej 4
250
5
eb-cfa 1
gei-cfa 4
hdi-cfa 1
ice-cfa 1
bdhb-cfa 5
251
7
fc-cfb 1
fgg-cfb 2
g-cfb 2
cea-cfb 1
gje-cfb 2
baga-cfb 1
fhe-cfb 4
252
3
eca-cfc 2
gef-cfc 7
ieg-cfc 3
253
6
ccg-cfd 1
cje-cfd 2
geb-cfd 2
a-cfd 1
bchd-cfd 6
bcdh-cfd 1
254
2
jf-cfe 2
ijc-cfe 9
255
5
egj-cff 1
hjf-cff 1
bafc-cff 3
hda-cff 2
ejg-cff 6
256
4
ej-cfg 2
bbdg-cfg 5
bfdb-cfg 4
gic-cfg 1
257
7
baj-cfh 1
bee-cfh 1
gbg-cfh 1
cid-cfh 1
fjh-cfh 1
bbee-cfh 1
cie-cfh 10
258
5
eec-cfi 1
chd-cfi 1
badf-cfi 1
bcfi-cfi 2
dhi-cfi 6
259
6
bd-cfj 1
beb-cfj 2
fh-cfj 1
dib-cfj 1
efb-cfj 1
cfi-cfj 8
260
7
dh-cga 1
chf-cga 1
cah-cga 1
cgd-cga 1
bhb-cga 2
chj-cga 1
bcjf-cga 8
261
5
dch-cgb 1
dhd-cgb 1
da-cgb 5
gdf-cgb 3
deb-cgb 3
262
6
fji-cgc 2
hdb-cgc 2
cdb-cgc 1
ica-cgc 4
ee-cgc 2
hfc-cgc 3
263
6
dcj-cgd 1
dcf-cgd 6
bec-cgd 1
bafi-cgd 1
bafd-cgd 3
bajg-cgd 1
264
6
fh-cge 1
ea-cge 1
cci-cge 2
bfc-cge 5
hai-cge 1
bba-cge 3
265
5
dej-cgf 1
fcc-cgf 5
gie-cgf 1
ibe-cgf 1
bgbh-cgf 5
266
5
bii-cgg 1
bdh-cgg 2
fhc-cgg 7
dib-cgg 1
bgae-cgg 2
267
5
hif-cgh 1
cag-cgh 1
babb-cgh 1
bdhc-cgh 10
hc-cgh 1
268
5
daf-cgi 1
djh-cgi 1
fdh-cgi 2
ia-cgi 1
baaa-cgi 9
269
4
eag-cgj 4
dgg-cgj 1
fei-cgj 2
ifi-cgj 5
270
6
dcb-cha 3
bhi-cha 1
dhj-cha 1
egj-cha 3
gfh-cha 2
ged-cha 4
271
3
eci-chb 1
fff-chb 3
bcbi-chb 7
272
5
fjc-chc 1
hba-chc 1
jfb-chc 1
jhd-chc 7
bbfj-chc 3
273
4
dfj-chd 1
ebh-chd 1
cjc-chd 1
bfbg-chd 9
274
4
dbj-che 1
eah-che 1
dej-che 1
befj-che 10
275
5
did-chf 1
ehb-chf 1
hfb-chf 1
fch-chf 1
eca-chf 9
276
4
fc-chg 1
hja-chg 2
iab-chg 5
edh-chg 4
277
4
ca-chh 1
ddj-chh 1
cid-chh 1
cbb-chh 1
278
6
cee-chi 1
ibj-chi 1
hga-chi 1
bbea-chi 2
bbc-chi 8
jeh-chi 1
279
6
dia-chj 1
fg-chj 2
bgh-chj 1
jg-chj 1
fjd-chj 1
hhi-chj 6
280
4
eie-cia 5
jej-cia 4
cce-cia 1
jj-cia 2
281
5
eha-cib 5
hh-cib 1
bdhh-cib 4
bcce-cib 1
bdhb-cib 1
282
5
bbi-cic 1
igc-cic 1
ifd-cic 1
jce-cic 1
dhi-cic 8
283
11
bdh-cid 1
dfa-cid 1
ehb-cid 1
fcf-cid 2
ebi-cid 1
fic-cid 1
dfd-cid 1
bii-cid 1
hgg-cid 1
cjb-cid 6
cab-cid 1
284
3
bih-cie 1
jfi-cie 7
gg-cie 4
285
8
dcb-cif 1
dgb-cif 1
dae-cif 1
gfe-cif 1
idd-cif 1
baed-cif 1
bbai-cif 1
bcja-cif 10
286
6
eef-cig 1
dge-cig 1
hbj-cig 6
hdd-cig 1
hai-cig 1
bbac-cig 2
287
2
cda-cih 1
icg-cih 10
288
6
cah-cii 1
dad-cii 1
gbi-cii 2
gc-cii 1
ggd-cii 2
baha-cii 7
289
4
bgi-cij 1
cch-cij 1
dgf-cij 6
ch-cij 3
290
6
ead-cja 2
ehg-cja 2
dge-cja 1
hcj-cja 3
ija-cja 1
bcaa-cja 3
291
4
eei-cjb 1
jbi-cjb 1
bagh-cjb 1
beba-cjb 9
292
4
db-cjc 1
bada-cjc 2
bcih-cjc 1
bfgi-cjc 8
293
2
eje-cjd 2
bdaa-cjd 9
294
3
bbi-cje 4
cea-cje 7
fje-cje 1
295
3
egf-cjf 1
cgb-cjf 2
dba-cjf 3
296
1
cgb-cjg 11
297
5
dci-cjh 2
da-cjh 3
hhf-cjh 3
jfd-cjh 5
he-cjh 2
298
6
bee-cji 1
id-cji 2
hbd-cji 1
dbj-cji 1
bdce-cji 7
bdcg-cji 1
299
6
cc-cjj 1
bgh-cjj 1
fci-cjj 1
jah-cjj 8
bcie-cjj 1
bfeb-cjj 2
300
6
fh-daa 1
ih-daa 1
edd-daa 1
bbhc-daa 2
jjb-daa 3
bfde-daa 6
301
6
ede-dab 1
hi-dab 9
icf-dab 1
cjh-dab 1
bace-dab 1
bef-dab 1
302
5
de-dac 1
bgi-dac 3
fgc-dac 2
dce-dac 4
iid-dac 4
303
4
dab-dad 1
gfe-dad 3
gcb-dad 2
gfd-dad 7
304
4
ebf-dae 1
baaa-dae 1
fce-dae 2
bcib-dae 9
305
7
cha-daf 1
badi-daf 5
bdag-daf 1
bddb-daf 1
bdcb-daf 4
fbb-daf 2
jae-daf 1
306
3
eb-dag 1
jg-dag 1
hcd-dag 4
307
4
cgi-dah 1
ihj-dah 2
ggg-dah 5
ehc-dah 5
308
6
dhc-dai 1
chh-dai 1
ebd-dai 1
bafa-dai 3
ejb-dai 1
bchi-dai 6
309
6
dce-daj 1
ebb-daj 1
fae-daj 1
fhj-daj 2
dhe-daj 1
geh-daj 7
310
3
bff-dba 1
gdh-dba 2
hhj-dba 9
311
4
dfc-dbb 1
eaa-dbb 10
dgi-dbb 1
cjb-dbb 1
312
2
dah-dbc 4
hca-dbc 7
313
5
bfg-dbd 1
bbg-dbd 1
ceg-dbd 1
gcb-dbd 8
bdjf-dbd 2
314
3
dfh-dbe 1
dac-dbe 1
bcaf-dbe 9
315
7
gdc-dbf 1
gib-dbf 10
ei-dbf 1
dac-dbf 1
eid-dbf 1
bbcb-dbf 1
baad-dbf 1
316
3
dab-dbg 1
iag-dbg 10
ffg-dbg 1
317
5
cid-dbh 1
cdb-dbh 1
caa-dbh 2
gfj-dbh 1
fha-dbh 8
318
5
ch-dbi 1
eia-dbi 1
fah-dbi 1
edd-dbi 5
bcaa-dbi 3
319
6
cgb-dbj 1
cg-dbj 1
dad-dbj 3
gjf-dbj 3
dhd-dbj 4
bb-dbj 2
320
5
badg-dca 1
bdii-dca 2
jbi-dca 7
a-dca 1
bda-dca 2
321
6
efg-dcb 1
gbj-dcb 1
eda-dcb 4
gad-dcb 4
jia-dcb 1
fi-dcb 2
322
9
eie-dcc 1
chf-dcc 2
cdd-dcc 1
di-dcc 3
ddf-dcc 1
jah-dcc 5
heg-dcc 1
fbb-dcc 1
gdi-dcc 1
323
4
gjc-dcd 2
cg-dcd 5
cfg-dcd 4
gda-dcd 3
324
4
bcg-dce 1
cce-dce 1
jef-dce 10
ebg-dce 1
325
5
bhe-dcf 1
fce-dcf 1
fea-dcf 2
cgb-dcf 2
bbja-dcf 7
326
3
cd-dcg 1
dca-dcg 9
jjj-dcg 1
327
5
cjc-dch 1
eca-dch 1
dh-dch 1
bdgc-dch 1
jai-dch 10
328
5
ehi-dci 2
cge-dci 1
ddg-dci 2
bcef-dci 5
dae-dci 2
329
5
bde-dcj 1
dhd-dcj 1
dbj-dcj 1
jcg-dcj 8
begb-dcj 2
330
4
dai-dda 3
cea-dda 1
bjj-dda 6
fjj-dda 1
331
6
cjb-ddb 1
ddd-ddb 2
eig-ddb 1
bcea-ddb 2
bdge-ddb 4
bbdj-ddb 2
332
5
beg-ddc 1
ia-ddc 1
bja-ddc 3
dac-ddc 2
bfjb-ddc 6
333
4
bci-ddd 2
gfa-ddd 1
hed-ddd 1
beef-ddd 9
334
9
ehd-dde 1
ejf-dde 1
gaa-dde 1
bbj-dde 1
ghh-dde 5
dbe-dde 1
fbe-dde 1
ifj-dde 1
d-dde 4
335
7
chf-ddf 1
jh-ddf 1
bei-ddf 1
id-ddf 1
eij-ddf 3
eb-ddf 2
fcf-ddf 5
336
3
cdi-ddg 1
eid-ddg 4
cgc-ddg 1
337
4
ech-ddh 1
ef-ddh 2
edi-ddh 1
baa-ddh 8
338
6
cfa-ddi 2
ehd-ddi 4
fib-ddi 1
bjc-ddi 1
ef-ddi 3
jja-ddi 1
339
6
ehi-ddj 1
ecg-ddj 6
haa-ddj 4
ccd-ddj 1
ihj-ddj 1
dia-ddj 1
340
6
dia-dea 1
bgi-dea 1
ejd-dea 5
edh-dea 2
ief-dea 3
ebe-dea 1
341
6
hjc-deb 1
hha-deb 1
fei-deb 2
hgj-deb 1
hfg-deb 1
cbi-deb 8
342
5
ba-dec 1
fdc-dec 2
bg-dec 1
bcgh-dec 2
bfg-dec 7
343
5
ihf-ded 6
gij-ded 4
bdbb-ded 1
ddc-ded 1
jab-ded 1
344
5
fhb-dee 1
dhc-dee 1
dej-dee 1
fji-dee 5
cia-dee 3
345
3
ceb-def 1
jfi-def 9
bajh-def 2
346
6
cdh-deg 1
cfb-deg 1
eec-deg 2
hia-deg 2
fhd-deg 6
bceg-deg 1
347
4
gcf-deh 1
ifa-deh 2
iji-deh 4
dj-deh 5
348
2
gjc-dei 3
fif-dei 8
349
4
dif-dej 1
babg-dej 1
bcah-dej 10
fda-dej 1
350
5
fie-dfa 3
hab-dfa 3
bfb-dfa 2
eai-dfa 2
ege-dfa 3
351
3
bde-dfb 1
ehb-dfb 1
e-dfb 9
352
7
ddc-dfc 1
cjc-dfc 1
eb-dfc 2
fgg-dfc 2
ghb-dfc 1
ca-dfc 2
fgj-dfc 4
353
6
bga-dfd 1
da-dfd 1
gcb-dfd 1
bbae-dfd 1
idj-dfd 7
bfcc-dfd 2
354
4
ii-dfe 2
badc-dfe 1
ejd-dfe 1
baac-dfe 8
355
5
jha-dff 1
ife-dff 1
hii-dff 7
gie-dff 3
heg-dff 1
356
3
cdj-dfg 1
dhf-dfg 1
eib-dfg 10
357
5
hg-dfh 1
fhb-dfh 4
fee-dfh 3
bbcb-dfh 2
beci-dfh 3
358
3
hgh-dfi 9
baac-dfi 1
egd-dfi 2
359
3
eb-dfj 1
ejd-dfj 1
bbah-dfj 9
360
5
g-dga 1
dgi-dga 1
fff-dga 3
cb-dga 1
bcdg-dga 8
361
2
cad-dgb 1
bcae-dgb 10
362
6
bc-dgc 1
c-dgc 1
jic-dgc 5
fib-dgc 4
jja-dgc 1
bdbb-dgc 1
363
9
cbc-dgd 1
ebc-dgd 1
bfa-dgd 1
feh-dgd 1
ifg-dgd 1
badi-dgd 3
bajj-dgd 2
bbjf-dgd 4
ifb-dgd 1
364
6
ifc-dge 1
dc-dge 2
hcj-dge 1
bccf-dge 6
ef-dge 2
beaa-dge 2
365
4
dhf-dgf 1
jfj-dgf 1
bbba-dgf 9
bffd-dgf 1
366
3
dce-dgg 2
bg-dgg 5
bced-dgg 5
367
2
dff-dgh 1
idi-dgh 10
368
5
cgg-dgi 1
deb-dgi 6
bbf-dgi 1
ibf-dgi 3
ceb-dgi 1
369
4
gg-dgj 6
bea-dgj 3
bcab-dgj 2
ghb-dgj 1
370
4
dij-dha 2
ecg-dha 1
jhi-dha 1
dji-dha 2
371
3
ebh-dhb 5
d-dhb 2
bajb-dhb 5
372
7
dfg-dhc 1
ccd-dhc 1
dbg-dhc 8
bbce-dhc 2
jii-dhc 1
bdab-dhc 1
bbed-dhc 1
373
6
cdi-dhd 1
fhc-dhd 1
dgh-dhd 3
hfh-dhd 1
ije-dhd 3
baeg-dhd 4
374
6
dca-dhe 1
ieg-dhe 1
bbhi-dhe 5
ehb-dhe 1
bbii-dhe 3
bbhb-dhe 2
375
5
cjd-dhf 2
bcf-dhf 1
ebj-dhf 3
ich-dhf 1
baga-dhf 7
376
4
bfe-dhg 7
ida-dhg 1
beab-dhg 2
begf-dhg 1
377
5
dgf-dhh 3
bbb-dhh 1
bbh-dhh 2
bdac-dhh 5
gbg-dhh 1
378
6
ebh-dhi 1
fhf-dhi 2
fjf-dhi 1
bbbb-dhi 1
bcab-dhi 1
ihg-dhi 7
379
7
fce-dhj 1
idc-dhj 1
ddj-dhj 5
begh-dhj 1
idf-dhj 4
ecj-dhj 1
icc-dhj 1
380
4
bdc-dia 1
jcc-dia 1
hge-dia 1
ecg-dia 10
381
4
cfd-dib 3
bgg-dib 2
dhj-dib 7
ffd-dib 1
382
8
hc-dic 1
dih-dic 1
fh-dic 2
ebi-dic 2
hhd-dic 2
jff-dic 1
edj-dic 5
bbgj-dic 1
383
6
bab-did 4
ccj-did 1
dhg-did 3
hid-did 2
bgj-did 2
eii-did 1
384
6
dci-die 1
fig-die 1
fea-die 1
jeb-die 1
fac-die 3
baag-die 7
385
1
bbdh-dif 11
386
3
edj-dig 3
fcd-dig 7
hih-dig 2
387
2
fdg-dih 9
bbjg-dih 2
388
2
bage-dii 8
bdeg-dii 3
389
5
cga-dij 1
eai-dij 1
bacf-dij 1
hhe-dij 1
ici-dij 9
390
2
bhe-dja 1
bdhi-dja 1
391
2
eee-djb 1
jjj-djb 10
392
3
dba-djc 1
ddi-djc 1
jaj-djc 4
393
6
cie-djd 3
ceb-djd 1
jdd-djd 1
jif-djd 1
ifd-djd 4
bejh-djd 4
394
7
he-dje 1
bbj-dje 1
dbi-dje 1
hag-dje 1
dbh-dje 1
ddc-dje 1
beaj-dje 9
395
2
di-djf 1
eha-djf 1
396
7
baa-djg 1
cji-djg 1
bcc-djg 1
jbc-djg 1
hca-djg 4
bceg-djg 2
efi-djg 3
397
9
bdh-djh 1
djb-djh 1
bif-djh 1
ebi-djh 2
beca-djh 1
gai-djh 1
gdg-djh 1
cjc-djh 5
bdef-djh 4
398
4
cha-dji 3
cic-dji 2
hhj-dji 6
bahj-dji 2
399
6
caj-djj 1
egi-djj 1
dec-djj 2
dda-djj 1
bbc-djj 4
jib-djj 5
400
7
bif-eaa 1
ghi-eaa 1
hbg-eaa 1
bee-eaa 9
eji-eaa 1
jbb-eaa 1
hjj-eaa 2
401
4
fh-eab 1
chi-eab 2
bdha-eab 1
bbga-eab 8
402
5
bcc-eac 1
big-eac 1
bagg-eac 2
cej-eac 8
jhi-eac 1
403
4
chj-ead 1
dce-ead 3
caf-ead 7
dj-ead 1
404
7
fhi-eae 1
gai-eae 1
fed-eae 1
edd-eae 1
gdc-eae 1
icb-eae 10
bic-eae 1
405
4
jc-eaf 3
ghj-eaf 1
fde-eaf 3
fgj-eaf 5
406
5
ca-eag 1
hea-eag 2
gff-eag 6
cfa-eag 1
hgb-eag 1
407
5
cgd-eah 1
eca-eah 1
gdj-eah 1
bbcf-eah 9
bcaj-eah 1
408
4
efh-eai 1
ffa-eai 1
be-eai 1
bbec-eai 10
409
4
eae-eaj 1
dfj-eaj 1
jfa-eaj 1
beec-eaj 8
410
6
cee-eba 1
feb-eba 1
bjj-eba 1
gih-eba 1
bif-eba 9
bebc-eba 1
411
7
ebg-ebb 1
fac-ebb 1
fff-ebb 2
beb-ebb 2
ggb-ebb 1
iij-ebb 5
ffd-ebb 3
412
3
ecb-ebc 3
baej-ebc 7
bjg-ebc 3
413
8
cag-ebd 1
cbb-ebd 1
ejb-ebd 1
had-ebd 1
dgi-ebd 1
badb-ebd 4
bcce-ebd 1
bdae-ebd 5
414
6
dgb-ebe 1
ceb-ebe 1
hfg-ebe 1
df-ebe 5
ebb-ebe 2
bfhc-ebe 3
415
4
bfd-ebf 2
bge-ebf 2
fhf-ebf 3
ijf-ebf 5
416
3
dcf-ebg 2
fga-ebg 3
ghg-ebg 1
417
4
daf-ebh 1
hdg-ebh 1
bahf-ebh 1
icg-ebh 10
418
3
ebd-ebi 1
ebc-ebi 1
hfe-ebi 9
419
5
ghd-ebj 1
jgc-ebj 7
ehi-ebj 2
igf-ebj 1
djj-ebj 2
420
5
dhi-eca 1
dbf-eca 1
jff-eca 1
eh-eca 1
jga-eca 9
421
2
daj-ecb 1
bchc-ecb 10
422
10
cd-ecc 1
edi-ecc 1
ejd-ecc 1
jc-ecc 1
idf-ecc 1
gce-ecc 1
babd-ecc 1
fbe-ecc 1
bdie-ecc 1
bdch-ecc 8
423
3
fba-ecd 1
dha-ecd 1
jfj-ecd 10
424
4
ecd-ece 1
eaa-ece 8
ici-ece 2
eeh-ece 1
425
6
dh-ecf 1
eed-ecf 1
dgb-ecf 2
dc-ecf 1
cib-ecf 2
beh-ecf 7
426
3
dfa-ecg 1
bcca-ecg 10
fbc-ecg 1
427
5
fcf-ech 1
dbh-ech 1
bajd-ech 1
jjc-ech 1
hcd-ech 9
428
4
dh-eci 1
cei-eci 1
hcg-eci 7
jac-eci 3
429
3
gbj-ecj 2
fbc-ecj 3
ihi-ecj 7
430
7
dgb-eda 1
eai-eda 1
hbd-eda 1
igj-eda 1
dhf-eda 6
bbdb-eda 3
bdcg-eda 1
431
7
ff-edb 1
fb-edb 1
eci-edb 1
gec-edb 2
jj-edb 3
iia-edb 1
gdd-edb 5
432
5
bhb-edc 1
dci-edc 1
ggi-edc 1
baa-edc 6
ihi-edc 3
433
6
bai-edd 1
dfa-edd 1
ebd-edd 1
gag-edd 1
bdh-edd 2
cbe-edd 7
434
4
ejb-ede 1
ffi-ede 1
jbb-ede 1
jh-ede 9
435
6
ci-edf 1
dic-edf 1
fah-edf 1
hba-edf 5
bdfe-edf 4
bdag-edf 1
436
6
bgd-edg 1
ddc-edg 1
ggd-edg 3
jgh-edg 3
cde-edg 4
ie-edg 1
437
5
dah-edh 1
cfj-edh 1
bbgb-edh 7
hcd-edh 2
beb-edh 1
438
9
ccg-edi 1
cfj-edi 1
eja-edi 2
gah-edi 1
gie-edi 2
egf-edi 3
bjd-edi 1
bda-edi 1
baib-edi 1
439
3
cfb-edj 1
egj-edj 1
egf-edj 10
440
4
djh-eea 2
gcc-eea 5
igj-eea 2
bgj-eea 5
441
4
dec-eeb 2
hgh-eeb 5
bab-eeb 2
hei-eeb 3
442
4
cbe-eec 1
bha-eec 1
hci-eec 5
dge-eec 5
443
4
gcd-eed 1
fcg-eed 1
iaa-eed 9
jhc-eed 1
444
3
fgi-eee 4
idg-eee 7
chb-eee 1
445
5
dej-eef 1
bdg-eef 8
jad-eef 1
bie-eef 1
bdcd-eef 2
446
6
dji-eeg 3
chg-eeg 1
cfe-eeg 2
dcc-eeg 2
bfc-eeg 4
badg-eeg 2
447
3
bcc-eeh 2
fbd-eeh 3
gbb-eeh 7
448
5
ejc-eei 1
fii-eei 1
bih-eei 1
haj-eei 1
beed-eei 10
449
4
chc-eej 1
bbif-eej 2
bcag-eej 2
bcih-eej 7
450
7
ii-efa 1
dhd-efa 1
egc-efa 1
cbb-efa 1
jia-efa 4
bccg-efa 2
hch-efa 4
451
3
eib-efb 1
ehc-efb 4
bbgj-efb 1
452
4
bhh-efc 2
fdg-efc 2
ehd-efc 7
hd-efc 1
453
4
bbc-efd 1
igj-efd 1
iac-efd 1
fei-efd 10
454
2
ija-efe 1
bcdb-efe 10
455
5
fff-eff 1
hgf-eff 1
jge-eff 2
bbed-eff 1
bjf-eff 9
456
5
daf-efg 1
fii-efg 1
bcad-efg 5
bbj-efg 1
iib-efg 5
457
7
dci-efh 1
fde-efh 1
ibb-efh 1
bbeg-efh 1
ded-efh 4
iic-efh 5
igc-efh 2
458
3
eed-efi 3
icc-efi 2
eec-efi 7
459
6
efe-efj 2
gde-efj 2
fhc-efj 2
fje-efj 1
bbfa-efj 4
bbca-efj 3
460
8
cgd-ega 1
icf-ega 1
bja-ega 7
bbac-ega 1
cbg-ega 1
feh-ega 1
bac-ega 2
jca-ega 2
461
6
efi-egb 1
fdb-egb 1
cdg-egb 1
hic-egb 3
jg-egb 1
bcdf-egb 8
462
2
ddc-egc 8
ccj-egc 3
463
4
bbf-egd 1
ebd-egd 1
bdhg-egd 1
cfa-egd 10
464
6
ecb-ege 3
fdb-ege 2
bg-ege 1
dbb-ege 2
ifi-ege 4
dib-ege 2
465
4
cha-egf 1
fge-egf 2
eae-egf 4
ifd-egf 5
466
5
die-egg 1
eaj-egg 3
ed-egg 1
jia-egg 2
idd-egg 5
467
3
gah-egh 1
cii-egh 1
iid-egh 9
468
4
cdi-egi 3
hef-egi 6
efa-egi 3
ghc-egi 2
469
6
ij-egj 1
dbi-egj 2
ibi-egj 1
jj-egj 1
baih-egj 3
jdg-egj 6
470
6
bjj-eha 1
eid-eha 1
bbi-eha 1
bcbi-eha 1
cgh-eha 10
fgd-eha 1
471
4
bfc-ehb 1
bj-ehb 1
fei-ehb 1
hib-ehb 10
472
2
cdh-ehc 3
iad-ehc 8
473
4
dfd-ehd 1
hcb-ehd 10
hjj-ehd 1
bffb-ehd 1
474
4
di-ehe 1
hje-ehe 1
ibh-ehe 8
bebj-ehe 2
475
5
caa-ehf 1
fag-ehf 3
hgh-ehf 3
cac-ehf 2
jgj-ehf 3
476
5
ddb-ehg 1
cgg-ehg 1
hda-ehg 3
edf-ehg 5
bdgh-ehg 3
477
5
dad-ehh 1
dcc-ehh 1
gcc-ehh 1
had-ehh 1
ecf-ehh 8
478
3
fef-ehi 1
bbeg-ehi 2
jfd-ehi 9
479
4
hbj-ehj 2
baeh-ehj 1
bcgj-ehj 6
eci-ehj 3
480
5
ddb-eia 3
efb-eia 1
bfa-eia 3
efc-eia 2
cjj-eia 2
481
4
dg-eib 1
bbbe-eib 3
iih-eib 8
bcji-eib 1
482
5
ebb-eic 1
fhi-eic 1
bdfb-eic 6
befh-eic 1
bfef-eic 4
483
6
hc-eid 2
bdg-eid 3
fbg-eid 1
ejg-eid 1
bddi-eid 2
bfhj-eid 5
484
5
gbb-eie 6
baf-eie 1
gcf-eie 1
bbaf-eie 1
ffj-eie 4
485
4
djj-eif 1
daa-eif 2
fdf-eif 7
hac-eif 1
486
4
ede-eig 2
edi-eig 3
fdf-eig 2
bfeh-eig 5
487
5
efh-eih 2
cag-eih 3
jc-eih 1
ifi-eih 4
daa-eih 2
488
4
bgb-eii 1
cfd-eii 1
fij-eii 1
bfdi-eii 9
489
5
bje-eij 1
dfg-eij 2
ief-eij 2
dcc-eij 3
jae-eij 5
490
3
iaj-eja 2
hej-eja 1
babi-eja 9
491
3
cdi-ejb 1
ibd-ejb 9
bhc-ejb 2
492
6
eia-ejc 1
daj-ejc 1
hgb-ejc 1
bcbe-ejc 6
gji-ejc 1
ggd-ejc 3
493
2
iic-ejd 1
ige-ejd 10
494
6
bfj-eje 2
gic-eje 1
ebj-eje 2
cif-eje 2
ege-eje 1
iei-eje 4
495
3
bgb-ejf 2
ecf-ejf 1
bfja-ejf 9
496
4
eb-ejg 1
ghb-ejg 1
chd-ejg 3
feg-ejg 8
497
4
bbi-ejh 3
egb-ejh 5
iaa-ejh 3
idi-ejh 3
498
5
cgh-eji 2
cdd-eji 2
dih-eji 1
hfb-eji 4
d-eji 3
499
2
chf-ejj 9
hif-ejj 2
500
5
dfb-faa 1
deg-faa 2
dhg-faa 1
ice-faa 3
bbba-faa 6
501
2
dbf-fab 7
dda-fab 4
502
5
cbh-fac 1
cbi-fac 1
hdh-fac 1
bbii-fac 6
hbc-fac 3
503
6
dih-fad 1
cfh-fad 1
iej-fad 2
baei-fad 7
bdjg-fad 2
fgd-fad 2
504
4
fej-fae 1
fje-fae 1
baba-fae 6
bdia-fae 5
505
3
ice-faf 2
bcja-faf 6
hid-faf 5
506
5
hcd-fag 1
jif-fag 1
ggd-fag 1
bahb-fag 1
dbf-fag 10
507
2
bjf-fah 3
jbj-fah 8
508
5
bcj-fai 1
eff-fai 1
gdj-fai 1
fdh-fai 8
badj-fai 2
509
6
fgi-faj 1
ghi-faj 1
iii-faj 1
bhe-faj 5
ggb-faj 4
ga-faj 1
510
4
cdi-fba 1
bge-fba 1
dii-fba 1
bbdb-fba 10
511
5
fic-fbb 1
fid-fbb 1
geh-fbb 1
jih-fbb 1
jgi-fbb 8
512
4
eeg-fbc 1
fej-fbc 1
ejh-fbc 1
baag-fbc 1
513
5
bih-fbd 3
eai-fbd 1
hej-fbd 3
ejj-fbd 1
jhc-fbd 5
514
3
fgi-fbe 1
bajc-fbe 1
bceh-fbe 9
515
1
jbh-fbf 11
516
2
edb-fbg 8
dff-fbg 3
517
6
fdh-fbh 4
fgb-fbh 2
hca-fbh 1
ib-fbh 1
bc-fbh 3
bcjg-fbh 2
518
5
cfg-fbi 1
eah-fbi 1
ebf-fbi 3
dcc-fbi 1
bjb-fbi 6
519
6
hb-fbj 1
fdc-fbj 1
fch-fbj 1
ieg-fbj 1
beig-fbj 1
hdc-fbj 9
520
5
dce-fca 1
gaj-fca 5
bcie-fca 1
bccg-fca 4
jib-fca 2
521
5
bhb-fcb 1
fij-fcb 1
h-fcb 1
bcdf-fcb 9
hbb-fcb 2
522
4
gbd-fcc 1
gic-fcc 1
fjh-fcc 1
bfca-fcc 8
523
4
cae-fcd 1
ghf-fcd 1
hib-fcd 1
cba-fcd 10
524
3
gjh-fce 1
gia-fce 2
baec-fce 8
525
7
ejd-fcf 1
ehe-fcf 6
ebi-fcf 2
bff-fcf 1
cgf-fcf 1
baib-fcf 3
cce-fcf 1
526
4
bcah-fcg 1
gcc-fcg 9
bbe-fcg 1
eig-fcg 1
527
8
ecb-fch 3
fcf-fch 1
hfc-fch 1
eae-fch 3
cjb-fch 1
bcee-fch 2
beaj-fch 1
bfgh-fch 1
528
8
fhg-fci 1
bjf-fci 1
iba-fci 4
dfd-fci 1
dei-fci 1
iei-fci 1
dfh-fci 4
bbea-fci 3
529
6
egd-fcj 2
ffb-fcj 3
ghc-fcj 3
fcg-fcj 1
hge-fcj 4
heb-fcj 1
530
6
bhj-fda 1
edf-fda 2
gca-fda 1
bhi-fda 2
cfd-fda 3
bbbd-fda 4
531
5
ccf-fdb 1
ffg-fdb 1
eha-fdb 9
bcga-fdb 1
def-fdb 2
532
6
dad-fdc 1
cif-fdc 2
eg-fdc 1
bbjb-fdc 1
dhh-fdc 2
bahi-fdc 6
533
9
bei-fdd 1
baei-fdd 5
baif-fdd 1
edd-fdd 4
dfb-fdd 1
hid-fdd 1
eaf-fdd 1
bfha-fdd 1
bfie-fdd 1
534
3
egb-fde 5
fih-fde 2
jj-fde 5
535
6
fbj-fdf 1
cgg-fdf 1
gdc-fdf 2
bade-fdf 1
fdg-fdf 2
ibe-fdf 7
536
5
bhi-fdg 1
gje-fdg 1
gbh-fdg 1
bach-fdg 6
bdhg-fdg 3
537
7
cjd-fdh 1
ffa-fdh 2
hjd-fdh 1
deb-fdh 7
cdc-fdh 1
bcjh-fdh 1
gf-fdh 1
538
2
bh-fdi 1
jii-fdi 10
539
2
hbh-fdj 2
bdfh-fdj 9
540
5
caf-fea 1
bbia-fea 5
bceb-fea 2
bdcd-fea 5
ee-fea 1
541
6
ieb-feb 7
hgh-feb 1
ibd-feb 2
ih-feb 1
dfh-feb 2
cid-feb 1
542
3
ffe-fec 1
bfcg-fec 9
bfij-fec 2
543
5
eac-fed 1
fdh-fed 1
bbhb-fed 4
fjd-fed 1
hdi-fed 6
544
5
fff-fee 1
be-fee 1
ihf-fee 3
bbaa-fee 4
ecb-fee 3
545
5
dfe-fef 1
bbfh-fef 1
bdad-fef 1
je-fef 2
bfdg-fef 8
546
6
bd-feg 1
ihh-feg 1
bi-feg 1
ijc-feg 1
hgh-feg 10
bcgj-feg 1
547
5
bch-feh 1
bbdc-feh 1
hei-feh 2
chc-feh 1
djg-feh 8
548
6
fbi-fei 1
dbc-fei 1
ffc-fei 1
eeg-fei 1
bcgi-fei 1
begd-fei 9
549
4
eji-fej 1
gcg-fej 4
hhe-fej 3
dfe-fej 4
550
5
df-ffa 1
dce-ffa 1
gch-ffa 3
idb-ffa 2
bfef-ffa 6
551
7
dab-ffb 5
cbd-ffb 1
gda-ffb 1
ica-ffb 3
i-ffb 1
jfe-ffb 1
cfd-ffb 1
552
4
bdj-ffc 1
ejg-ffc 1
bgc-ffc 2
hbb-ffc 8
553
3
jaf-ffd 1
dij-ffd 9
eia-ffd 1
554
2
baba-ffe 3
hdc-ffe 8
555
7
edi-fff 1
chc-fff 1
fgj-fff 1
jbf-fff 2
baae-fff 3
baj-fff 2
hfd-fff 4
556
1
ffi-ffg 11
557
2
fja-ffh 1
e-ffh 10
558
5
fed-ffi 1
gaj-ffi 1
bcdd-ffi 5
cif-ffi 2
cdj-ffi 3
559
4
dfd-ffj 2
gih-ffj 2
gfi-ffj 7
baid-ffj 2
560
8
cie-fga 1
gei-fga 2
eae-fga 3
igi-fga 1
bdib-fga 1
ceb-fga 1
bbhg-fga 1
bhe-fga 5
561
3
eei-fgb 1
gff-fgb 10
dba-fgb 1
562
5
dbd-fgc 1
cjb-fgc 1
jad-fgc 1
dgd-fgc 1
bagf-fgc 9
563
6
dij-fgd 1
bie-fgd 1
ffa-fgd 1
fb-fgd 1
bfff-fgd 3
bfic-fgd 6
564
2
gjf-fge 10
ibf-fge 1
565
2
def-fgf 1
ha-fgf 2
566
2
bih-fgg 5
ice-fgg 7
567
3
dbh-fgh 2
jcf-fgh 6
jjf-fgh 3
568
4
eeh-fgi 1
bcbi-fgi 1
hjf-fgi 1
dfg-fgi 10
569
4
egh-fgj 1
bdc-fgj 1
gbh-fgj 1
ghj-fgj 10
570
3
bfi-fha 2
fhc-fha 9
bfig-fha 1
571
6
feb-fhb 1
hfe-fhb 1
bajf-fhb 1
beaa-fhb 1
bfcb-fhb 8
beeb-fhb 3
572
6
cba-fhc 1
bbi-fhc 1
hch-fhc 1
bfed-fhc 9
ijj-fhc 1
bgea-fhc 1
573
4
dgi-fhd 2
dea-fhd 2
cih-fhd 5
hic-fhd 4
574
5
dic-fhe 1
ebh-fhe 4
gge-fhe 2
hci-fhe 4
jbe-fhe 2
575
2
gad-fhf 8
ffb-fhf 3
576
4
da-fhg 1
fjc-fhg 4
jbb-fhg 1
bbfh-fhg 6
577
1
cba-fhh 11
578
4
bja-fhi 7
idd-fhi 1
jcb-fhi 3
bcgj-fhi 2
579
5
ii-fhj 4
fgf-fhj 1
gaj-fhj 2
fag-fhj 5
bgde-fhj 2
580
4
cdd-fia 1
bb-fia 1
gcc-fia 9
hga-fia 2
581
3
fgb-fib 9
gjb-fib 1
bag-fib 1
582
6
cif-fic 1
ifh-fic 1
ijd-fic 1
cea-fic 4
hgg-fic 1
bgaj-fic 7
583
6
fh-fid 1
cdd-fid 1
hh-fid 1
bbaa-fid 9
cih-fid 2
gif-fid 1
584
3
efe-fie 7
ffb-fie 1
bccf-fie 4
585
4
bbc-fif 1
ibj-fif 2
bfcg-fif 3
gge-fif 7
586
6
bjc-fig 1
gfa-fig 1
eib-fig 5
dec-fig 2
ejg-fig 2
bfj-fig 2
587
3
ed-fih 3
id-fih 7
bcc-fih 3
588
4
haf-fii 2
bagb-fii 5
gde-fii 4
bcfh-fii 2
589
3
fdf-fij 3
ebj-fij 7
bdfi-fij 3
590
3
cih-fja 1
bhf-fja 1
edj-fja 10
591
9
egg-fjb 1
gcg-fjb 1
cij-fjb 1
hc-fjb 1
caa-fjb 1
hae-fjb 5
cja-fjb 1
gef-fjb 4
bggb-fjb 1
592
5
dbg-fjc 1
baee-fjc 1
bcff-fjc 1
cie-fjc 9
hdf-fjc 1
593
2
ecc-fjd 1
cif-fjd 3
594
4
fba-fje 3
hdj-fje 1
hci-fje 4
bbac-fje 4
595
3
fhc-fjf 4
jhf-fjf 3
bahg-fjf 4
596
2
bhg-fjg 2
bcfe-fjg 9
597
6
fdf-fjh 1
ei-fjh 1
babb-fjh 1
ddd-fjh 1
baij-fjh 6
g-fjh 3
598
9
ejc-fji 1
ehf-fji 1
hh-fji 1
bgb-fji 1
iga-fji 3
cdf-fji 1
jbi-fji 4
bddi-fji 1
fij-fji 1
599
3
ddi-fjj 3
bbg-fjj 7
gj-fjj 2
600
4
gie-gaa 1
gjf-gaa 1
gbb-gaa 1
bacj-gaa 10
601
3
ca-gab 1
ejg-gab 1
gdh-gab 10
602
1
cca-gac 11
603
6
bf-gad 1
cdf-gad 1
bjc-gad 1
hij-gad 3
jjh-gad 1
bdfe-gad 6
604
7
ceb-gae 1
bd-gae 2
jci-gae 1
hca-gae 2
bfi-gae 5
eig-gae 1
ghc-gae 2
605
1
bjh-gaf 11
606
5
dgc-gag 4
dff-gag 2
jij-gag 4
bahg-gag 3
bcba-gag 2
607
5
cjc-gah 1
fac-gah 2
cdd-gah 1
iaf-gah 7
ici-gah 1
608
2
daa-gai 4
gff-gai 7
609
4
ccf-gaj 1
di-gaj 9
iae-gaj 1
bcde-gaj 2
610
5
gcb-gba 1
hgc-gba 1
bbge-gba 6
fdi-gba 1
bbib-gba 4
611
6
eja-gbb 5
efh-gbb 1
cgb-gbb 2
dhf-gbb 2
becb-gbb 1
bfjj-gbb 3
612
6
bbh-gbc 1
ga-gbc 1
baab-gbc 7
bej-gbc 1
bbhc-gbc 2
hb-gbc 2
613
4
gca-gbd 1
fcb-gbd 5
cg-gbd 1
bbcd-gbd 5
614
1
bgfd-gbe 11
615
4
fgd-gbf 3
bbeh-gbf 2
ccj-gbf 4
bdcf-gbf 3
616
4
dga-gbg 2
hhb-gbg 2
bbcb-gbg 3
dhh-gbg 6
617
3
dje-gbh 2
ejj-gbh 1
ff-gbh 9
618
7
ej-gbi 1
dbi-gbi 1
ifc-gbi 4
bacg-gbi 1
cfd-gbi 1
dib-gbi 1
bbeh-gbi 4
619
4
gch-gbj 2
eaa-gbj 1
jej-gbj 1
bbfi-gbj 8
620
7
ddd-gca 2
gfd-gca 2
hbg-gca 4
iid-gca 1
haj-gca 3
jig-gca 1
bbfc-gca 1
621
6
cab-gcb 4
bch-gcb 1
bafh-gcb 1
jca-gcb 1
bbbb-gcb 1
bfbd-gcb 6
622
8
iie-gcc 1
baad-gcc 1
gaj-gcc 1
baee-gcc 1
bbii-gcc 1
ejb-gcc 1
bafc-gcc 4
cdh-gcc 5
623
4
ja-gcd 1
egf-gcd 8
bbjd-gcd 2
bgbi-gcd 1
624
3
fai-gce 7
dhb-gce 3
bdfi-gce 3
625
3
daf-gcf 2
cgj-gcf 5
baii-gcf 5
626
4
chg-gcg 1
hgd-gcg 2
cce-gcg 1
ijg-gcg 9
627
5
eja-gch 1
cih-gch 1
ffb-gch 1
fjh-gch 1
bdc-gch 9
628
6
fdc-gci 1
gid-gci 1
bga-gci 2
ghh-gci 1
cea-gci 3
igb-gci 6
629
2
ebb-gcj 9
ged-gcj 2
630
2
bdcf-gda 3
ihh-gda 8
631
4
bdci-gdb 1
cb-gdb 1
bbg-gdb 1
eah-gdb 10
632
5
gbe-gdc 2
ifc-gdc 4
igj-gdc 2
babf-gdc 3
cah-gdc 3
633
4
dgb-gdd 3
hfi-gdd 2
efh-gdd 2
bcag-gdd 6
634
5
gah-gde 1
hed-gde 1
gba-gde 1
baeb-gde 8
cdd-gde 3
635
4
bhc-gdf 1
gfe-gdf 4
hjh-gdf 1
bchf-gdf 6
636
5
db-gdg 1
gfd-gdg 1
hag-gdg 2
bddj-gdg 8
bajh-gdg 1
637
4
if-gdh 1
iih-gdh 1
bdfd-gdh 1
jci-gdh 10
638
1
jcc-gdi 11
639
3
gjg-gdj 8
cei-gdj 1
dib-gdj 3
640
5
eaa-gea 2
jh-gea 1
edi-gea 3
cda-gea 1
dea-gea 6
641
5
eff-geb 1
fcb-geb 1
hfa-geb 2
hhd-geb 7
begg-geb 2
642
2
ffc-gec 1
ihd-gec 3
643
1
bdbj-ged 11
644
1
dda-gee 11
645
4
gij-gef 1
gfh-gef 1
dfi-gef 8
bdgj-gef 2
646
4
baaa-geg 1
cie-geg 3
bfcj-geg 6
gaj-geg 2
647
4
gah-geh 1
iai-geh 1
bjh-geh 1
jg-geh 10
648
4
iba-gei 3
daf-gei 6
eeb-gei 1
ffa-gei 2
649
5
bge-gej 1
gda-gej 1
hgi-gej 6
fec-gej 4
cab-gej 1
650
2
hbc-gfa 1
bgeg-gfa 1
651
4
g-gfb 1
jhj-gfb 10
gfj-gfb 1
bcbi-gfb 1
652
4
bcb-gfc 4
ccf-gfc 1
baha-gfc 4
bche-gfc 3
653
3
gch-gfd 3
hjb-gfd 1
bdbg-gfd 7
654
3
bif-gfe 1
hfa-gfe 1
baci-gfe 10
655
7
ehe-gff 1
bga-gff 1
egf-gff 1
jbi-gff 1
eci-gff 1
idi-gff 9
hh-gff 1
656
4
cef-gfg 1
chc-gfg 1
jaj-gfg 1
bahh-gfg 9
657
4
bi-gfh 1
ffb-gfh 3
iga-gfh 5
jaj-gfh 3
658
5
ech-gfi 1
ghc-gfi 1
jeh-gfi 1
becd-gfi 10
dbd-gfi 1
659
1
bdba-gfj 11
660
3
bhe-gga 10
hhe-gga 1
gbc-gga 1
661
4
bee-ggb 3
eae-ggb 7
igf-ggb 1
bej-ggb 1
662
2
id-ggc 3
bgae-ggc 8
663
4
djj-ggd 2
igd-ggd 2
cjh-ggd 1
jhh-ggd 8
664
9
eeb-gge 1
ehc-gge 1
gaj-gge 1
bdc-gge 1
beg-gge 1
beai-gge 1
ifg-gge 1
efd-gge 7
bfid-gge 1
665
5
feh-ggf 2
ibj-ggf 1
jfj-ggf 8
bcdj-ggf 1
hab-ggf 1
666
4
caf-ggg 1
bih-ggg 1
die-ggg 1
dij-ggg 10
667
1
cab-ggh 11
668
3
cbc-ggi 1
cgh-ggi 8
bfc-ggi 3
670
4
gdh-gha 4
ifc-gha 6
gii-gha 2
bfgj-gha 1
671
6
ccg-ghb 1
bbff-ghb 1
bbfg-ghb 4
idb-ghb 3
bgef-ghb 2
bgae-ghb 2
672
8
efi-ghc 1
fhi-ghc 2
fea-ghc 1
cib-ghc 2
jjf-ghc 1
begg-ghc 1
beid-ghc 5
bch-ghc 2
673
3
did-ghd 2
egj-ghd 8
bae-ghd 1
674
3
cji-ghe 1
ccb-ghe 1
ggg-ghe 1
675
1
ggb-ghf 11
676
4
fhb-ghg 7
dhh-ghg 2
cej-ghg 2
fdj-ghg 1
677
3
bacj-ghh 2
fdi-ghh 1
cbc-ghh 9
678
4
bge-ghi 1
cic-ghi 1
daf-ghi 8
hai-ghi 2
679
5
eig-ghj 1
fcd-ghj 1
fdb-ghj 1
hec-ghj 1
bcbc-ghj 9
680
4
ccg-gia 1
ied-gia 3
hbf-gia 4
egg-gia 4
681
3
ehj-gib 1
cic-gib 1
bbhf-gib 10
682
5
fed-gic 2
gge-gic 1
bjc-gic 1
bbga-gic 1
dhi-gic 8
683
2
ddg-gid 1
cjj-gid 10
684
3
iih-gie 9
ihe-gie 1
ici-gie 2
685
5
gdf-gif 1
jea-gif 3
bcdi-gif 1
bcig-gif 1
hge-gif 7
686
4
cec-gig 3
bbe-gig 3
gj-gig 3
ijf-gig 5
687
5
fic-gih 1
baai-gih 1
die-gih 2
bbfb-gih 1
badc-gih 8
688
3
cgf-gii 1
ib-gii 3
baab-gii 8
689
5
bei-gij 3
fgh-gij 1
ibd-gij 5
ehf-gij 2
ehh-gij 2
690
2
ecd-gja 9
bajc-gja 2
691
1
ebc-gjb 11
692
5
hg-gjc 1
ca-gjc 1
hji-gjc 3
gbe-gjc 5
behb-gjc 4
693
1
gad-gjd 11
694
4
b-gje 1
eca-gje 1
bhc-gje 7
bbdf-gje 3
695
3
dig-gjf 2
hdh-gjf 1
ieg-gjf 3
696
6
dci-gjg 1
bbic-gjg 2
egg-gjg 2
bdda-gjg 3
behg-gjg 4
bfb-gjg 1
697
3
cje-gjh 1
dfd-gjh 2
cbg-gjh 9
698
2
ghe-gji 7
bbgf-gji 4
699
4
cg-gjj 1
fbi-gjj 1
hhe-gjj 2
iii-gjj 8
700
4
bjj-haa 3
dg-haa 1
dbe-haa 2
bcea-haa 6
701
3
gc-hab 3
fij-hab 3
bcfg-hab 5
702
4
gid-hac 1
gdb-hac 6
eif-hac 1
bcbg-hac 4
703
1
iec-had 11
704
6
fac-hae 1
ije-hae 1
idb-hae 1
chi-hae 4
bbic-hae 5
hea-hae 2
705
5
gic-haf 1
bbcd-haf 1
jji-haf 1
jda-haf 10
cdd-haf 1
706
6
dfg-hag 1
dic-hag 1
hje-hag 6
bcgb-hag 2
beje-hag 1
ecj-hag 1
707
4
dcd-hah 1
ghg-hah 1
efj-hah 3
fda-hah 8
708
3
bfh-hai 1
hfh-hai 8
bce-hai 3
709
1
bdjj-haj 11
710
3
gee-hba 1
bega-hba 3
bdbi-hba 7
711
4
eee-hbb 1
cfb-hbb 3
cgj-hbb 2
fac-hbb 6
712
3
ffc-hbc 5
jdg-hbc 5
bdif-hbc 1
713
6
eij-hbd 1
iah-hbd 1
jjf-hbd 1
bei-hbd 1
bcbd-hbd 1
bdff-hbd 9
714
3
fji-hbe 4
edh-hbe 1
fc-hbe 7
715
3
fcf-hbf 8
dga-hbf 1
jf-hbf 2
716
5
gde-hbg 3
ife-hbg 3
egh-hbg 2
jh-hbg 1
bdjf-hbg 4
717
4
dbj-hbh 1
ifg-hbh 1
babe-hbh 7
ci-hbh 4
718
2
egd-hbi 4
jfh-hbi 7
719
2
jge-hbj 3
bedf-hbj 8
720
7
g-hca 1
hcf-hca 2
ejj-hca 1
cib-hca 2
jid-hca 2
ead-hca 2
ibe-hca 4
721
5
cha-hcb 1
jba-hcb 1
bahd-hcb 10
bdfa-hcb 1
ffe-hcb 1
722
2
cie-hcc 7
iee-hcc 5
723
5
hhf-hcd 1
bgi-hcd 2
jee-hcd 8
ghf-hcd 1
bdhb-hcd 1
724
7
gfj-hce 1
eab-hce 2
bde-hce 1
dha-hce 1
beaf-hce 2
ejf-hce 4
bchf-hce 3
725
5
cih-hcf 1
b-hcf 2
hhc-hcf 1
gad-hcf 7
bbae-hcf 1
726
4
ja-hcg 2
jjg-hcg 1
ibf-hcg 6
baed-hcg 3
727
4
fci-hch 4
jcb-hch 2
gdg-hch 5
ghe-hch 2
728
5
geh-hci 2
baef-hci 1
bdff-hci 2
fbf-hci 1
ggi-hci 5
729
6
eec-hcj 3
hdb-hcj 1
ejb-hcj 1
bbbg-hcj 1
jd-hcj 1
bbgd-hcj 7
730
5
eda-hda 1
ffb-hda 4
ea-hda 1
dec-hda 5
idc-hda 2
731
4
fei-hdb 1
jh-hdb 1
bejg-hdb 3
bfhg-hdb 8
732
6
cbi-hdc 1
jbf-hdc 3
cej-hdc 1
bdac-hdc 3
gig-hdc 1
befb-hdc 5
733
4
ejb-hdd 1
bdg-hdd 9
cih-hdd 1
bcf-hdd 1
734
3
gdj-hde 1
bbjf-hde 3
jfh-hde 8
735
5
fad-hdf 1
gbh-hdf 3
bbha-hdf 6
dci-hdf 2
bcfg-hdf 1
736
3
eba-hdg 1
fjc-hdg 10
dac-hdg 1
737
3
fec-hdh 7
ihb-hdh 4
baga-hdh 1
738
3
bic-hdi 1
iae-hdi 1
beah-hdi 9
739
4
bci-hdj 1
eci-hdj 3
haa-hdj 6
jbj-hdj 1
740
8
fdf-hea 2
jjg-hea 1
jb-hea 1
djb-hea 3
bdfd-hea 1
cb-hea 1
befg-hea 4
bcji-hea 1
741
2
fab-heb 1
icg-heb 5
742
4
fai-hec 1
bdhc-hec 3
bdda-hec 1
bfjg-hec 1
743
3
ffe-hed 3
bcbg-hed 7
bfei-hed 1
744
3
gbf-hee 3
ijb-hee 1
bfhd-hee 8
745
5
beg-hef 1
bge-hef 1
gha-hef 1
bjd-hef 9
bfch-hef 2
746
3
ceb-heg 1
bcdd-heg 10
fid-heg 1
747
4
hii-heh 7
ggc-heh 2
ed-heh 1
dcb-heh 2
748
3
ie-hei 1
fad-hei 3
if-hei 7
749
4
gcc-hej 1
cec-hej 4
ccd-hej 2
bgbd-hej 5
750
5
dgc-hfa 5
jga-hfa 1
jhg-hfa 2
bdi-hfa 1
befe-hfa 3
751
5
egc-hfb 1
icd-hfb 5
gc-hfb 2
beh-hfb 1
bff-hfb 3
752
3
gab-hfc 2
gjh-hfc 7
bcdc-hfc 3
753
4
ddc-hfd 1
bad-hfd 2
bcec-hfd 2
eih-hfd 7
754
4
dfb-hfe 1
gac-hfe 1
bahd-hfe 7
ejg-hfe 4
755
3
hge-hff 5
bacc-hff 5
bbci-hff 3
756
3
gfd-hfg 1
ij-hfg 1
bbac-hfg 10
757
5
eci-hfh 1
ihf-hfh 2
ede-hfh 8
ibb-hfh 1
bbaj-hfh 1
758
3
heb-hfi 1
eci-hfi 1
beih-hfi 10
759
3
gaa-hfj 2
jfc-hfj 1
bfhi-hfj 9
760
2
fdb-hga 2
bbg-hga 9
761
6
iaj-hgb 1
bdf-hgb 2
gcc-hgb 2
dfj-hgb 1
hfc-hgb 5
bccd-hgb 2
762
4
dej-hgc 1
hje-hgc 5
fea-hgc 2
fia-hgc 4
763
2
bbfa-hgd 6
bedb-hgd 5
764
3
efg-hge 1
jdc-hge 1
beff-hge 10
765
4
bci-hgf 1
fea-hgf 2
icd-hgf 3
bafe-hgf 6
766
3
ddc-hgg 3
baib-hgg 4
ehf-hgg 4
767
2
deg-hgh 1
dej-hgh 10
768
4
hah-hgi 1
baai-hgi 1
cdb-hgi 2
baja-hgi 8
769
1
bbjj-hgj 11
770
6
ii-hha 1
ihj-hha 6
hdd-hha 2
bi-hha 1
baad-hha 2
dag-hha 1
771
5
fj-hhb 1
dfa-hhb 2
bbaa-hhb 6
bbaj-hhb 1
gfa-hhb 3
772
3
fhc-hhc 1
eia-hhc 1
beff-hhc 10
773
4
ch-hhd 1
gaa-hhd 9
bdec-hhd 2
bbd-hhd 1
774
5
gja-hhe 1
fcd-hhe 1
dji-hhe 1
eff-hhe 7
bdfa-hhe 2
775
4
ed-hhf 1
dag-hhf 2
bafj-hhf 5
bcf-hhf 5
776
4
bcd-hhg 1
hbb-hhg 4
ga-hhg 1
dgd-hhg 7
777
2
ebd-hhh 5
haa-hhh 7
778
2
dcj-hhi 1
bdci-hhi 10
779
7
beb-hhj 2
idc-hhj 1
hie-hhj 1
cbg-hhj 1
chi-hhj 1
jec-hhj 2
bfag-hhj 7
780
3
dbf-hia 1
bbie-hia 2
jdd-hia 8
781
3
ccc-hib 1
bbi-hib 10
bbfb-hib 1
782
4
chh-hic 1
dhd-hic 2
dcc-hic 2
bgcf-hic 8
783
1
bgdg-hid 11
784
2
bjg-hie 1
bgbb-hie 3
785
3
fje-hif 5
cii-hif 3
ggc-hif 4
786
3
gb-hig 1
fig-hig 9
che-hig 1
787
5
eii-hih 1
iaf-hih 2
ddh-hih 8
bfg-hih 1
bdbe-hih 1
788
4
fej-hii 1
djb-hii 1
jaj-hii 1
cgi-hii 10
789
6
fj-hij 1
hag-hij 1
dif-hij 4
bbbd-hij 1
jff-hij 1
bji-hij 5
790
2
fae-hja 6
gbd-hja 5
791
3
cfh-hjb 10
bde-hjb 1
cbb-hjb 1
792
7
hcc-hjc 1
edj-hjc 1
ifd-hjc 1
gaj-hjc 1
bbfi-hjc 5
bfhe-hjc 5
hbi-hjc 1
793
2
fef-hjd 10
bbd-hjd 1
794
2
fgj-hje 4
bdja-hje 7
795
3
gid-hjf 1
edj-hjf 9
beji-hjf 2
796
7
cfa-hjg 4
gci-hjg 2
eda-hjg 2
igd-hjg 1
jgg-hjg 2
gdj-hjg 2
jdh-hjg 2
797
2
caj-hjh 8
bcg-hjh 3
798
3
bba-hji 1
iac-hji 1
hfj-hji 10
799
7
bgc-hjj 1
fe-hjj 1
bace-hjj 1
fgd-hjj 5
gah-hjj 4
beea-hjj 1
cjf-hjj 1
800
6
cij-iaa 1
deb-iaa 1
eef-iaa 1
jcg-iaa 5
ead-iaa 1
dhc-iaa 6
801
3
cdh-iab 1
ech-iab 9
bdbh-iab 2
802
3
eic-iac 2
hbi-iac 7
hia-iac 2
803
5
cba-iad 1
d-iad 2
jcd-iad 1
cgd-iad 8
dd-iad 1
804
5
cib-iae 1
bcd-iae 1
cdf-iae 10
cjg-iae 1
fjd-iae 1
805
4
ejf-iaf 1
gjf-iaf 9
jd-iaf 1
ecj-iaf 1
806
4
bage-iag 10
ihd-iag 1
ejg-iag 1
begg-iag 1
807
2
fei-iah 2
dad-iah 9
808
4
jh-iai 1
gf-iai 1
beja-iai 1
dje-iai 10
809
3
gbh-iaj 1
gci-iaj 2
bddg-iaj 8
810
5
bcb-iba 2
bafb-iba 5
bbba-iba 5
bbbj-iba 1
ejb-iba 1
811
2
iha-ibb 10
bead-ibb 1
812
2
egb-ibc 3
bbgf-ibc 8
813
2
bdhd-ibd 3
bgcj-ibd 8
814
3
fba-ibe 4
jbe-ibe 1
bbcc-ibe 7
815
3
dje-ibf 2
dih-ibf 4
bffh-ibf 5
816
4
efj-ibg 1
ceb-ibg 2
fhg-ibg 7
bafg-ibg 3
817
3
eja-ibh 5
bahj-ibh 1
babb-ibh 6
818
5
fii-ibi 1
gi-ibi 1
bjc-ibi 3
jib-ibi 1
fdi-ibi 6
819
4
hae-ibj 1
bbdb-ibj 3
bbcd-ibj 3
dfd-ibj 5
820
5
jde-ica 1
bcfh-ica 2
becf-ica 6
edc-ica 1
dgi-ica 3
821
3
fhj-icb 1
fib-icb 1
hfi-icb 10
822
2
fdh-icc 1
edb-icc 1
823
5
hj-icd 5
jaa-icd 1
eig-icd 1
hcd-icd 2
jaj-icd 4
824
3
hgi-ice 1
jfh-ice 1
ehd-ice 10
825
4
cih-icf 2
dbb-icf 2
bcha-icf 1
fce-icf 7
826
3
bjj-icg 8
gcg-icg 1
bcdi-icg 2
827
2
djd-ich 1
beei-ich 10
828
3
dfa-ici 1
cj-ici 1
jc-ici 10
829
2
hbe-icj 1
jie-icj 10
830
5
hee-ida 1
jbh-ida 1
bhf-ida 1
ehj-ida 1
bcfd-ida 9
831
7
fce-idb 2
jcb-idb 1
cdh-idb 1
bach-idb 4
bfjd-idb 1
cii-idb 1
ghi-idb 4
832
3
gjg-idc 10
djj-idc 1
iij-idc 1
833
4
fj-idd 1
bbah-idd 2
fih-idd 1
bfda-idd 8
834
1
fgc-ide 11
835
5
dh-idf 5
jhi-idf 1
efa-idf 3
dii-idf 3
bajg-idf 1
836
4
ic-idg 1
bfi-idg 2
bagf-idg 1
dhd-idg 9
837
3
bad-idh 1
gdg-idh 1
hhg-idh 1
838
5
hhc-idi 1
ech-idi 3
baeh-idi 1
bbdd-idi 1
bgfa-idi 7
839
3
bcc-idj 6
bgf-idj 1
fdj-idj 5
840
4
chb-iea 1
eeb-iea 1
bij-iea 1
bebf-iea 10
841
3
fhb-ieb 8
bdaj-ieb 1
bbie-ieb 2
842
5
hfh-iec 1
iff-iec 1
fgf-iec 1
hfg-iec 10
bbca-iec 1
843
4
bbid-ied 5
hhb-ied 1
jac-ied 5
bche-ied 1
844
3
efc-iee 5
baje-iee 5
bdcd-iee 2
845
4
hag-ief 2
bfc-ief 5
ea-ief 1
bbah-ief 4
846
5
ebg-ieg 1
hcd-ieg 2
fjj-ieg 1
idd-ieg 7
ffh-ieg 2
847
4
bjg-ieh 1
bchj-ieh 9
caj-ieh 1
bge-ieh 1
848
6
efg-iei 5
dbf-iei 1
gdf-iei 1
hgi-iei 5
behf-iei 1
bcgb-iei 1
849
2
bdi-iej 1
bbh-iej 10
850
5
hcf-ifa 6
ccc-ifa 3
bbbi-ifa 2
bdbe-ifa 1
bdih-ifa 1
851
3
fgh-ifb 1
dfh-ifb 7
bagh-ifb 4
852
6
cee-ifc 1
ejj-ifc 1
bchg-ifc 7
gfa-ifc 1
fdj-ifc 1
jid-ifc 2
853
4
bah-ifd 1
cf-ifd 3
ijh-ifd 1
bbhd-ifd 7
854
3
dad-ife 3
bbdj-ife 1
hjf-ife 8
855
5
fb-iff 1
bjb-iff 1
jgf-iff 1
cgi-iff 1
efe-iff 9
856
3
jci-ifg 1
be-ifg 4
bgeb-ifg 7
857
4
eif-ifh 1
baga-ifh 2
baai-ifh 2
cid-ifh 7
858
2
bcci-ifi 8
badf-ifi 3
859
1
chb-ifj 11
860
2
gfj-iga 2
ebb-iga 9
861
2
gb-igb 1
cif-igb 10
862
3
eaf-igc 2
gh-igc 1
bcgi-igc 9
863
3
ife-igd 4
ggg-igd 6
hfd-igd 1
864
3
dbi-ige 1
hjc-ige 8
dbj-ige 2
865
1
egi-igf 11
866
1
babd-igg 11
867
1
hag-igh 11
868
3
gag-igi 1
bcbj-igi 6
bbg-igi 5
869
4
gih-igj 1
dde-igj 3
jba-igj 5
bdie-igj 4
870
4
hgf-iha 2
jfa-iha 1
bcdj-iha 8
bbfe-iha 1
871
2
eii-ihb 1
bbcj-ihb 10
872
3
eba-ihc 1
jfd-ihc 1
ehj-ihc 4
873
4
fj-ihd 1
behh-ihd 6
bbdd-ihd 5
bgei-ihd 1
874
3
hdi-ihe 4
hdj-ihe 1
hdg-ihe 6
875
5
eh-ihf 1
ijj-ihf 1
cfb-ihf 1
bbad-ihf 8
bfcc-ihf 1
876
4
gbf-ihg 1
cdj-ihg 4
gij-ihg 6
bcj-ihg 1
877
3
eef-ihh 1
cib-ihh 8
gih-ihh 2
878
5
gjh-ihi 1
jg-ihi 1
hdb-ihi 1
bdgf-ihi 10
bebh-ihi 1
879
2
cef-ihj 3
caf-ihj 8
880
3
fgb-iia 10
hfh-iia 1
fid-iia 1
881
5
id-iib 2
cfb-iib 1
bafa-iib 1
baeb-iib 8
chd-iib 1
882
4
iie-iic 1
fag-iic 5
gfa-iic 1
jje-iic 5
883
4
cej-iid 2
ffa-iid 7
iae-iid 2
bfei-iid 1
884
5
bec-iie 2
jee-iie 4
bgc-iie 1
cbb-iie 2
bejf-iie 4
885
2
hif-iif 5
bbei-iif 6
886
3
hcg-iig 9
hjb-iig 1
ddg-iig 1
887
1
hbj-iih 11
888
1
bbib-iii 11
889
1
baaa-iij 11
890
3
iaa-ija 5
bcfe-ija 3
dbj-ija 5
891
1
ega-ijb 11
892
4
bbf-ijc 3
hg-ijc 3
cgi-ijc 4
bcij-ijc 2
893
3
gdh-ijd 1
beda-ijd 9
hfi-ijd 2
894
4
bef-ije 1
gda-ije 1
bbbj-ije 3
beef-ije 7
895
2
hei-ijf 2
bj-ijf 9
896
2
ig-ijg 1
behi-ijg 10
897
2
hhg-ijh 3
bii-ijh 8
898
1
gd-iji 11
899
2
cff-ijj 3
iaf-ijj 8
900
3
cf-jaa 1
jbg-jaa 1
bbjh-jaa 9
901
3
djh-jab 2
baej-jab 3
gbe-jab 7
902
5
hca-jac 2
ejj-jac 3
ghg-jac 3
ibb-jac 3
bgg-jac 2
903
3
djc-jad 2
bcij-jad 9
dgj-jad 2
904
3
cja-jae 1
ee-jae 1
bbih-jae 9
905
2
bdig-jaf 8
bgd-jaf 3
906
3
cg-jag 4
cbc-jag 6
bdij-jag 1
907
6
cfe-jah 1
fie-jah 2
bajg-jah 1
bchh-jah 5
bcif-jah 1
baia-jah 4
908
5
hah-jai 1
efa-jai 2
gbj-jai 5
bbbg-jai 4
bffi-jai 1
909
2
iic-jaj 1
ebd-jaj 10
910
3
cgd-jba 1
gej-jba 8
bdef-jba 2
911
2
gjc-jbb 4
dhg-jbb 7
912
2
gbg-jbc 2
jca-jbc 9
913
3
dij-jbd 4
bgh-jbd 2
bfad-jbd 5
914
3
fbj-jbe 7
bbig-jbe 2
de-jbe 3
915
5
gfg-jbf 1
jbe-jbf 1
bedi-jbf 9
hai-jbf 1
cc-jbf 1
916
5
igc-jbg 1
bjd-jbg 1
ehd-jbg 6
baie-jbg 4
bdid-jbg 2
917
3
bji-jbh 1
babf-jbh 5
dbd-jbh 5
918
2
hai-jbi 1
bdcc-jbi 10
919
5
ieg-jbj 1
hdc-jbj 3
jhb-jbj 2
ejd-jbj 3
daa-jbj 2
920
4
idf-jca 2
jde-jca 1
jfg-jca 8
fdh-jca 1
921
4
ihh-jcb 1
hhf-jcb 2
gae-jcb 4
faj-jcb 5
922
3
fej-jcc 2
fjg-jcc 1
gfb-jcc 9
923
4
ied-jcd 1
bagh-jcd 1
hgh-jcd 5
jcc-jcd 4
924
1
bafi-jce 11
925
3
igj-jcf 4
djc-jcf 1
ghe-jcf 1
926
3
babe-jcg 1
cfj-jcg 1
ggg-jcg 10
927
1
hhh-jch 11
928
6
hhe-jci 1
fch-jci 1
fb-jci 1
beia-jci 1
bfbf-jci 8
gih-jci 3
930
3
cjb-jda 1
bgdf-jda 1
bdig-jda 10
931
5
bbaj-jdb 1
jji-jdb 1
cgf-jdb 3
hge-jdb 4
jhc-jdb 2
932
3
hbh-jdc 2
gdh-jdc 7
jc-jdc 3
933
3
dic-jdd 3
dhc-jdd 7
ffh-jdd 1
934
6
bie-jde 1
baad-jde 1
bcjb-jde 1
bdgi-jde 1
bi-jde 9
ha-jde 1
936
7
ibi-jdg 2
fbf-jdg 1
dhj-jdg 5
gea-jdg 2
bhb-jdg 2
bh-jdg 1
cjh-jdg 1
937
1
ea-jdh 11
938
1
dfb-jdi 11
939
4
ja-jdj 1
eic-jdj 2
jfj-jdj 8
dhb-jdj 1
940
2
ije-jea 10
ef-jea 1
941
1
jad-jeb 11
942
5
ehc-jec 5
bgb-jec 1
dae-jec 2
bdfg-jec 2
badg-jec 2
943
1
djc-jed 11
944
4
ceg-jee 1
ej-jee 1
cfg-jee 1
hjb-jee 10
945
5
beh-jef 1
fad-jef 2
bbfe-jef 1
bbje-jef 4
badj-jef 6
946
2
bbj-jeg 5
baib-jeg 1
947
3
ddj-jeh 2
bafe-jeh 1
bgdb-jeh 3
948
2
eff-jei 7
jja-jei 4
949
3
fgj-jej 1
dch-jej 5
ehb-jej 6
950
4
bhe-jfa 3
iec-jfa 2
chb-jfa 1
fdj-jfa 6
951
3
cge-jfb 2
bbdb-jfb 3
ebb-jfb 7
952
3
cgh-jfc 2
jgb-jfc 9
egb-jfc 1
953
2
fbd-jfd 3
babc-jfd 8
954
4
egf-jfe 1
bcif-jfe 1
bfgb-jfe 9
c-jfe 2
955
3
ee-jff 1
egg-jff 6
bfeb-jff 5
956
4
fic-jfg 1
ghc-jfg 1
bccb-jfg 6
ega-jfg 5
957
5
eij-jfh 1
ddc-jfh 1
fdf-jfh 2
bffj-jfh 2
gfb-jfh 7
958
4
eib-jfi 1
dii-jfi 1
befa-jfi 6
bbj-jfi 5
959
5
bcc-jfj 1
jfa-jfj 1
bcaj-jfj 1
bdhe-jfj 10
eac-jfj 1
960
5
fdf-jga 1
bagg-jga 1
bfab-jga 1
bfcd-jga 10
bfcf-jga 1
961
1
ecd-jgb 11
962
5
ied-jgc 2
babj-jgc 2
bba-jgc 1
cfa-jgc 1
ibd-jgc 6
963
1
ghb-jgd 11
964
5
dda-jge 1
bagf-jge 1
gbf-jge 1
bedj-jge 2
bcgj-jge 7
965
5
fbf-jgf 1
hhj-jgf 3
i-jgf 7
fjd-jgf 1
bhg-jgf 1
966
3
cfd-jgg 2
bajc-jgg 4
heh-jgg 5
967
2
jcb-jgh 5
dfc-jgh 6
968
2
gjf-jgi 1
iae-jgi 10
970
4
efh-jha 1
jia-jha 6
bea-jha 1
ghd-jha 5
971
1
ejg-jhb 11
972
4
eej-jhc 7
ced-jhc 2
gga-jhc 1
hei-jhc 2
973
2
geb-jhd 2
gba-jhd 9
974
3
jae-jhe 3
jih-jhe 1
bbai-jhe 7
975
4
gid-jhf 1
bajj-jhf 7
fch-jhf 1
behe-jhf 3
976
2
fbi-jhg 2
hde-jhg 9
977
3
gab-jhh 2
gej-jhh 1
bfia-jhh 8
978
3
fca-jhi 1
bagi-jhi 3
bcj-jhi 8
979
1
eei-jhj 11
980
7
hdd-jia 1
baac-jia 1
bje-jia 1
baca-jia 1
bded-jia 6
ecc-jia 2
ddg-jia 1
981
4
bab-jib 2
gda-jib 1
iac-jib 5
bjf-jib 3
982
2
hff-jic 2
igj-jic 9
983
4
jff-jid 4
cag-jid 1
bdgd-jid 1
bgfj-jid 6
984
3
hdb-jie 2
baih-jie 7
cij-jie 2
985
4
hah-jif 6
dge-jif 2
bb-jif 4
bdih-jif 1
986
3
bbe-jig 1
bafi-jig 2
gha-jig 8
987
3
jhi-jih 2
gfi-jih 2
bfa-jih 7
988
4
bjh-jii 1
ihe-jii 1
ddf-jii 9
cei-jii 2
989
2
ge-jij 8
bah-jij 3
990
1
idh-jja 11
991
6
ihg-jjb 1
bdi-jjb 2
jif-jjb 1
hja-jjb 5
ieg-jjb 1
cjc-jjb 2
992
3
jhg-jjc 1
jbg-jjc 2
bcgb-jjc 8
993
1
daj-jjd 11
994
5
hdd-jje 1
badd-jje 1
baig-jje 4
bbcg-jje 5
ej-jje 1
995
2
hja-jjf 9
ccf-jjf 2
996
2
efa-jjg 4
gfc-jjg 7
997
1
geh-jjh 11
998
2
hef-jji 10
j-jji 1
999
3
edg-jjj 1
baea-jjj 1
bcci-jjj 10
1000
1
fgi-baaa 11
1001
5
jeg-baab 6
ifd-baab 4
bbdf-baab 1
bc-baab 1
efi-baab 1
1002
2
hig-baac 2
jbh-baac 9
1003
4
ehj-baad 1
jcd-baad 1
bbbh-baad 3
ceb-baad 7
1004
2
dib-baae 1
eje-baae 10
1005
2
baae-baaf 9
bdej-baaf 2
1006
5
fc-baag 1
cdc-baag 1
jci-baag 9
beja-baag 1
ffj-baag 2
1007
2
baef-baah 10
jab-baah 1
1008
4
dgd-baai 1
bacb-baai 3
baha-baai 6
igj-baai 2
1009
1
ceb-baaj 11
1010
5
dfi-baba 1
haj-baba 1
bbfb-baba 1
ehi-baba 9
jdf-baba 1
1011
3
ggi-babb 1
edh-babb 1
djh-babb 10
1012
5
jga-babc 1
ege-babc 1
beag-babc 7
baif-babc 1
if-babc 2
1013
3
gec-babd 2
bddi-babd 1
dfe-babd 9
1014
4
cjc-babe 1
ebj-babe 9
ije-babe 2
dbj-babe 1
1015
2
ceg-babf 1
begj-babf 10
1016
3
bbdj-babg 1
beba-babg 6
bdhd-babg 5
1017
2
cbg-babh 6
baia-babh 5
1018
3
gd-babi 1
cdb-babi 3
baij-babi 7
1019
3
bbcg-babj 5
fdc-babj 6
bfib-babj 1
1020
1
igh-baca 11
1021
6
jg-bacb 3
heb-bacb 2
jce-bacb 1
jhb-bacb 1
bcje-bacb 3
bgbj-bacb 4
1022
3
feg-bacc 1
hbc-bacc 1
gdb-bacc 10
1023
1
jgf-bacd 11
1024
2
dhb-bace 5
bbcd-bace 6
1025
1
ifd-bacf 11
1026
2
cja-bacg 5
bgdb-bacg 7
1027
3
fdd-bach 1
baag-bach 1
bih-bach 9
1028
2
egi-baci 1
ejc-baci 10
1029
4
ib-bacj 1
bada-bacj 1
iha-bacj 9
ibj-bacj 1
1030
4
bbcf-bada 4
hej-bada 3
gdb-bada 4
ecj-bada 1
1031
3
bdf-badb 7
dcd-badb 2
bddf-badb 3
1032
3
cad-badc 1
hfg-badc 2
ifg-badc 9
1033
3
jc-badd 1
bcac-badd 10
gh-badd 1
1034
1
ega-bade 11
1035
1
fgh-badf 11
1036
2
jhi-badg 6
bbbf-badg 5
1037
2
fhe-badh 3
bbgj-badh 8
1038
2
ghg-badi 1
bbdi-badi 10
1039
4
ff-badj 1
ijj-badj 1
bbhf-badj 1
bjf-badj 9
1040
4
jgg-baea 1
cid-baea 2
he-baea 1
hdd-baea 9
1041
4
iag-baeb 1
fd-baeb 1
bbaf-baeb 1
bdcj-baeb 9
1042
5
jha-baec 6
bcac-baec 1
hbg-baec 4
jaa-baec 2
ccb-baec 1
1043
1
djc-baed 11
1044
1
baeg-baee 11
1045
4
efd-baef 2
bdbf-baef 1
fi-baef 8
gj-baef 1
1046
4
hhd-baeg 2
jdc-baeg 3
baic-baeg 1
bcef-baeg 6
1047
2
dfd-baeh 8
ihg-baeh 3
1048
4
chj-baei 1
bhc-baei 1
bagg-baei 5
bcig-baei 6
1049
4
bbhh-baej 6
hih-baej 1
bdij-baej 1
bdfj-baej 5
1050
5
hgc-bafa 1
babe-bafa 4
jdj-bafa 2
cff-bafa 1
dgj-bafa 4
1051
4
baah-bafb 1
bcji-bafb 1
bbbd-bafb 3
gdg-bafb 7
1052
4
jce-bafc 1
hii-bafc 9
gfg-bafc 1
bbef-bafc 2
1053
2
fei-bafd 1
cfa-bafd 10
1054
3
dhc-bafe 1
fdd-bafe 10
bgf-bafe 1
1055
2
hcj-baff 1
bfif-baff 10
1056
1
fdd-bafg 11
1057
1
jbd-bafh 11
1058
4
bhj-bafi 6
chi-bafi 3
bbgf-bafi 1
bag-bafi 3
1059
3
gfi-bafj 1
bcag-bafj 1
hef-bafj 10
1060
2
ded-baga 1
bbag-baga 10
1061
2
fhb-bagb 10
bcgd-bagb 1
1062
1
gie-bagc 11
1063
3
beg-bagd 1
hgd-bagd 4
ibg-bagd 1
1064
4
jfb-bage 1
babh-bage 1
bbcj-bage 1
jhf-bage 10
1065
2
bgd-bagf 1
bede-bagf 10
1066
5
jid-bagg 1
baie-bagg 2
bbgh-bagg 1
fcb-bagg 6
hgb-bagg 3
1067
6
jbd-bagh 1
ijg-bagh 2
cgf-bagh 4
eab-bagh 1
cde-bagh 2
gje-bagh 4
1068
3
ehh-bagi 1
ggh-bagi 1
bcac-bagi 9
1069
3
jhd-bagj 10
bad-bagj 1
bgj-bagj 1
1070
2
bcgf-baha 3
bgcc-baha 8
1071
2
cgc-bahb 1
bgah-bahb 3
1072
1
hbg-bahc 11
1073
6
efa-bahd 1
dii-bahd 1
bcgf-bahd 1
behd-bahd 1
beij-bahd 2
dbb-bahd 8
1074
1
bcdi-bahe 11
1075
2
bagd-bahf 8
ffi-bahf 3
1076
2
bgc-bahg 1
gjc-bahg 10
1077
4
hea-bahh 2
bahg-bahh 5
bedg-bahh 4
jab-bahh 1
1078
4
hab-bahi 2
ceh-bahi 1
ghc-bahi 8
ia-bahi 1
1079
2
ghi-bahj 5
fbe-bahj 6
1080
3
jif-baia 1
gaf-baia 1
bgg-baia 10
1081
2
iac-baib 7
hih-baib 4
1082
3
babi-baic 1
iaa-baic 2
bcgg-baic 1
1083
2
ib-baid 4
bejd-baid 7
1084
5
iaf-baie 4
bade-baie 3
chg-baie 2
efc-baie 3
bai-baie 2
1085
1
jcb-baif 11
1086
4
edd-baig 4
jgh-baig 3
ihc-baig 1
hif-baig 4
1087
6
gcf-baih 2
bbgd-baih 1
eea-baih 1
bcej-baih 1
becj-baih 7
bcgf-baih 1
1088
2
ffj-baii 3
bbab-baii 8
1089
3
bfh-baij 1
ife-baij 9
bha-baij 2
1090
4
bif-baja 2
cgg-baja 1
bcfj-baja 5
cdh-baja 3
1091
3
ji-bajb 2
bdfg-bajb 1
bafj-bajb 3
1092
3
hih-bajc 1
bbae-bajc 5
dhb-bajc 6
1093
4
hha-bajd 8
hhg-bajd 1
edc-bajd 1
bfjc-bajd 2
1094
4
iej-baje 4
hhe-baje 1
bdab-baje 1
gfi-baje 6
1095
5
eca-bajf 1
jcd-bajf 1
jeb-bajf 1
bbgi-bajf 10
bcje-bajf 1
1096
2
cgf-bajg 1
fi-bajg 1
1097
2
hba-bajh 6
bia-bajh 5
1098
2
baje-baji 10
bhf-baji 1
1099
3
ejh-bajj 1
eci-bajj 1
bajf-bajj 10
1100
3
ghb-bbaa 1
bcfa-bbaa 10
beeg-bbaa 1
1101
2
cde-bbab 1
bbfc-bbab 10
1102
4
dce-bbac 8
iif-bbac 1
fed-bbac 1
bejd-bbac 1
1103
2
bbag-bbad 5
jbh-bbad 6
1104
6
gid-bbae 1
eah-bbae 1
bcfc-bbae 1
hg-bbae 1
gc-bbae 8
bgba-bbae 1
1105
2
eff-bbaf 9
hhg-bbaf 2
1106
1
gff-bbag 11
1107
4
cja-bbah 4
fhe-bbah 3
beci-bbah 5
bfjh-bbah 1
1108
3
bafj-bbai 1
bhj-bbai 9
bdch-bbai 1
1109
1
ich-bbaj 11
1110
5
hde-bbba 1
babb-bbba 1
cgd-bbba 1
hdb-bbba 9
jid-bbba 1
1111
1
hed-bbbb 11
1113
4
icb-bbbd 1
baec-bbbd 5
bbh-bbbd 1
bgab-bbbd 5
1114
3
bcc-bbbe 3
bccj-bbbe 7
dhj-bbbe 2
1115
3
gej-bbbf 3
faj-bbbf 3
cef-bbbf 7
1116
3
ief-bbbg 6
baci-bbbg 1
icb-bbbg 4
1117
2
ehg-bbbh 8
bagc-bbbh 3
1118
2
bac-bbbi 10
gee-bbbi 1
1119
3
big-bbbj 2
bahe-bbbj 3
bgdj-bbbj 7
1120
2
bdd-bbca 1
jcc-bbca 10
1121
6
djj-bbcb 3
ccc-bbcb 1
jfd-bbcb 4
fbc-bbcb 1
iee-bbcb 2
hih-bbcb 4
1122
2
hbd-bbcc 10
bgf-bbcc 1
1123
3
baii-bbcd 6
jjd-bbcd 1
gje-bbcd 5
1124
2
iff-bbce 7
gde-bbce 4
1125
2
bbae-bbcf 1
fhc-bbcf 10
1126
3
fcg-bbcg 1
bdid-bbcg 3
ccj-bbcg 7
1127
1
icb-bbch 11
1128
2
bie-bbci 1
babh-bbci 10
1129
2
hee-bbcj 9
bbbb-bbcj 2
1130
3
jde-bbda 10
ehh-bbda 1
bbji-bbda 1
1131
5
bbf-bbdb 1
hjj-bbdb 1
idc-bbdb 4
bfdj-bbdb 1
ifa-bbdb 5
1132
1
jh-bbdc 11
1133
5
fgh-bbdd 1
gid-bbdd 2
bci-bbdd 6
eii-bbdd 2
beb-bbdd 2
1134
1
jif-bbde 11
1135
3
baed-bbdf 2
gbi-bbdf 9
gbc-bbdf 1
1136
3
bhc-bbdg 4
bid-bbdg 1
bgdc-bbdg 6
1137
3
eef-bbdh 1
bcjd-bbdh 3
ghb-bbdh 8
1138
3
baee-bbdi 3
hbh-bbdi 8
bcba-bbdi 1
1139
1
ghi-bbdj 11
1140
3
dfh-bbea 1
cga-bbea 2
df-bbea 8
1141
5
ji-bbeb 1
bbde-bbeb 2
ihd-bbeb 6
bbae-bbeb 3
bffc-bbeb 1
1142
2
cai-bbec 1
bcie-bbec 10
1143
1
jc-bbed 11
1144
2
gcj-bbee 1
bdee-bbee 10
1145
4
badd-bbef 2
fjf-bbef 1
ce-bbef 1
fjb-bbef 9
1146
3
eca-bbeg 5
bcjg-bbeg 4
bgbc-bbeg 2
1147
2
ghj-bbeh 1
eg-bbeh 10
1148
2
gej-bbei 7
eif-bbei 4
1149
3
fci-bbej 2
bcbb-bbej 7
fja-bbej 2
1150
2
jf-bbfa 1
bacc-bbfa 10
1151
5
fgd-bbfb 1
bbgg-bbfb 4
baji-bbfb 6
ghj-bbfb 1
bdah-bbfb 1
1152
2
ibh-bbfc 10
bfej-bbfc 1
1153
4
eaa-bbfd 7
ebc-bbfd 1
bdcj-bbfd 4
bdje-bbfd 1
1154
2
chg-bbfe 1
bbgi-bbfe 10
1155
6
fcc-bbff 4
jig-bbff 1
dbh-bbff 1
ihi-bbff 2
bdjd-bbff 4
hg-bbff 1
1156
4
fea-bbfg 1
eee-bbfg 1
bcjh-bbfg 1
bfee-bbfg 9
1157
3
efd-bbfh 1
gec-bbfh 2
bbjg-bbfh 9
1158
3
bbej-bbfi 9
bace-bbfi 1
bfhb-bbfi 2
1159
4
babh-bbfj 1
cbc-bbfj 2
ifc-bbfj 8
cje-bbfj 1
1160
2
jbc-bbga 9
eji-bbga 2
1161
4
iic-bbgb 1
jff-bbgb 1
hi-bbgb 8
hgd-bbgb 2
1162
1
bafa-bbgc 11
1163
1
bgag-bbgd 11
1164
4
ddd-bbge 1
eb-bbge 5
bbff-bbge 5
ihg-bbge 1
1165
1
fcj-bbgf 11
1166
4
bcde-bbgg 3
bdai-bbgg 6
ca-bbgg 1
gfh-bbgg 2
1167
1
bbei-bbgh 11
1168
4
jab-bbgi 1
bdgi-bbgi 1
bfi-bbgi 1
jgi-bbgi 10
1169
4
bbcj-bbgj 1
hjc-bbgj 1
eah-bbgj 5
bejh-bbgj 5
1170
2
fbe-bbha 2
begi-bbha 9
1171
2
djd-bbhb 1
iec-bbhb 10
1172
3
jdi-bbhc 1
cbh-bbhc 9
bca-bbhc 1
1173
4
ece-bbhd 1
bced-bbhd 2
j-bbhd 5
bdb-bbhd 4
1174
4
fh-bbhe 1
gfe-bbhe 1
bbgb-bbhe 8
id-bbhe 1
1175
3
dia-bbhf 10
baif-bbhf 1
bfec-bbhf 1
1177
2
bcjf-bbhh 1
beee-bbhh 10
1178
2
hgi-bbhi 9
bfge-bbhi 2
1179
1
c-bbhj 11
1180
3
ij-bbia 2
ei-bbia 5
edb-bbia 5
1181
1
bdi-bbib 11
1182
2
iab-bbic 10
befc-bbic 1
1183
1
bbdd-bbid 11
1184
3
def-bbie 7
dee-bbie 4
bbhj-bbie 1
1185
2
bij-bbif 2
dcj-bbif 9
1186
1
cig-bbig 11
1187
2
bfd-bbih 1
gc-bbih 5
1188
2
jhc-bbii 1
bfgf-bbii 10
1189
3
beci-bbij 1
bbdf-bbij 10
cdd-bbij 1
1190
2
bacb-bbja 2
fec-bbja 9
1191
2
gje-bbjb 3
ffj-bbjb 8
1192
3
bbha-bbjc 1
bhc-bbjc 1
ii-bbjc 9
1193
1
jig-bbjd 11
1194
1
cbd-bbje 11
1195
4
dji-bbjf 1
fcj-bbjf 1
jbg-bbjf 3
haj-bbjf 8
1196
3
hjb-bbjg 1
bagj-bbjg 8
bbfe-bbjg 2
1197
2
jih-bbjh 2
bcjb-bbjh 9
1198
3
bch-bbji 4
hhi-bbji 5
ijh-bbji 3
1199
1
cig-bbjj 11
1200
2
bbie-bcaa 2
bgb-bcaa 9
1201
4
jjj-bcab 2
dfi-bcab 2
bchi-bcab 3
gce-bcab 4
1202
3
fa-bcac 8
hac-bcac 2
had-bcac 1
1203
3
hcd-bcad 1
bdf-bcad 4
bgcb-bcad 7
1204
2
ibg-bcae 8
bdaj-bcae 3
1205
3
jh-bcaf 1
bbha-bcaf 3
bcda-bcaf 8
1206
2
babb-bcag 1
bgch-bcag 10
1207
1
eed-bcah 11
1208
1
bbcj-bcai 11
1209
1
bbji-bcaj 11
1210
2
ejb-bcba 7
gfc-bcba 4
1211
3
hag-bcbb 1
bdbj-bcbb 5
die-bcbb 6
1212
5
bbai-bcbc 1
bcij-bcbc 1
dbe-bcbc 2
bafj-bcbc 7
ef-bcbc 1
1213
1
baca-bcbd 11
1214
2
gda-bcbe 4
bdd-bcbe 7
1215
2
igc-bcbf 5
bged-bcbf 6
1216
3
iea-bcbg 8
behc-bcbg 2
dbh-bcbg 1
1217
1
bhg-bcbh 11
1218
3
jcf-bcbi 1
jdd-bcbi 4
bfcf-bcbi 1
1219
3
hgc-bcbj 3
bcch-bcbj 2
hjj-bcbj 7
1220
4
fb-bcca 1
bdhj-bcca 1
jfe-bcca 10
behj-bcca 1
1221
3
bcag-bccb 1
egb-bccb 5
cid-bccb 6
1222
1
edj-bccc 11
1223
3
ced-bccd 1
behg-bccd 4
bfed-bccd 7
1224
2
eci-bcce 7
iib-bcce 4
1225
2
bajb-bccf 1
bfhd-bccf 10
1226
2
badf-bccg 3
begg-bccg 8
1227
1
hjg-bcch 11
1228
2
hjd-bcci 10
bcae-bcci 1
1229
6
hci-bccj 3
dci-bccj 1
cfg-bccj 2
bdeb-bccj 1
gbe-bccj 6
bg-bccj 1
1230
3
dh-bcda 8
beii-bcda 1
ijd-bcda 3
1231
3
baci-bcdb 1
bddd-bcdb 1
bbeb-bcdb 10
1232
4
ghb-bcdc 1
bfga-bcdc 1
bcj-bcdc 1
bccd-bcdc 9
1233
3
bbfh-bcdd 2
bagh-bcdd 7
bdid-bcdd 3
1234
5
gic-bcde 2
cba-bcde 2
baji-bcde 4
bcha-bcde 1
beje-bcde 4
1235
1
bbef-bcdf 11
1236
3
jje-bcdg 2
chc-bcdg 3
hjc-bcdg 7
1237
2
faf-bcdh 8
bchf-bcdh 3
1238
3
cfg-bcdi 7
becb-bcdi 1
hee-bcdi 4
1239
1
fdb-bcdj 11
1240
1
becb-bcea 11
1241
2
idj-bceb 10
bfcf-bceb 1
1242
1
dgj-bcec 11
1243
1
bcjd-bced 11
1244
6
gdf-bcee 2
ejh-bcee 2
bdca-bcee 1
bdja-bcee 4
ffd-bcee 3
iai-bcee 3
1245
2
fbj-bcef 10
fbb-bcef 1
1246
1
cca-bceg 11
1247
4
bge-bceh 1
bbdf-bceh 4
bdae-bceh 6
fab-bceh 1
1248
1
bci-bcei 11
1249
3
jfh-bcej 7
ef-bcej 1
gif-bcej 3
1250
2
djh-bcfa 1
jfh-bcfa 10
1252
2
jbj-bcfc 2
cig-bcfc 9
1253
3
jeh-bcfd 1
beie-bcfd 1
idg-bcfd 10
1254
1
jh-bcfe 11
1255
4
ddd-bcff 1
hfh-bcff 2
iie-bcff 2
begg-bcff 6
1256
2
fjj-bcfg 10
bcje-bcfg 1
1257
1
egd-bcfh 11
1258
1
ihe-bcfi 11
1259
4
jii-bcfj 1
cig-bcfj 1
bchb-bcfj 9
ibc-bcfj 1
1260
1
ghc-bcga 11
1261
2
eai-bcgb 8
jae-bcgb 3
1262
2
bahc-bcgc 1
beih-bcgc 10
1263
1
gba-bcgd 11
1264
3
baih-bcge 8
bddi-bcge 1
bgh-bcge 3
1265
1
bbga-bcgf 11
1266
2
beej-bcgg 1
bfhf-bcgg 10
1267
2
cbj-bcgh 2
bdjg-bcgh 9
1268
4
bfh-bcgi 1
hce-bcgi 4
bge-bcgi 2
fca-bcgi 5
1269
3
bdbg-bcgj 2
beae-bcgj 3
bfci-bcgj 1
1270
2
dgg-bcha 3
deh-bcha 8
1271
2
hhd-bchb 2
bdfj-bchb 9
1272
2
bdb-bchc 1
cej-bchc 10
1273
2
jbd-bchd 6
bdaf-bchd 5
1274
2
gcd-bche 1
becg-bche 1
1275
2
hdj-bchf 2
bfag-bchf 9
1276
4
hhj-bchg 2
hga-bchg 3
idc-bchg 1
bebi-bchg 6
1277
5
cjb-bchh 1
bcjb-bchh 1
bcjj-bchh 6
bbij-bchh 2
hhi-bchh 2
1278
2
bcdj-bchi 6
ifh-bchi 5
1279
1
jcd-bchj 11
1280
5
hid-bcia 1
hhg-bcia 1
ibc-bcia 1
baid-bcia 1
bgec-bcia 8
1281
4
bdcc-bcib 1
bje-bcib 5
bfgd-bcib 5
dde-bcib 2
1283
1
bede-bcid 11
1284
3
bbgh-bcie 1
bebd-bcie 1
eic-bcie 10
1285
2
jhh-bcif 3
bdjb-bcif 8
1286
1
fae-bcig 11
1287
1
cae-bcih 11
1288
3
cga-bcii 2
bafh-bcii 1
jeh-bcii 3
1289
1
ebd-bcij 11
1290
3
ica-bcja 1
hhd-bcja 6
bbfi-bcja 4
1291
2
bcaa-bcjb 4
dba-bcjb 7
1292
2
bbdg-bcjc 1
bbaf-bcjc 1
1293
1
hdf-bcjd 11
1294
1
bbfh-bcje 11
1295
4
dde-bcjf 4
fda-bcjf 1
bdjc-bcjf 6
bedc-bcjf 2
1296
2
jce-bcjg 2
eii-bcjg 9
1297
1
dch-bcjh 11
1298
2
ida-bcji 10
dg-bcji 1
1299
2
fig-bcjj 4
bfgi-bcjj 7
1300
3
eba-bdaa 1
gcj-bdaa 2
edh-bdaa 8
1301
2
iji-bdab 6
bdib-bdab 5
1302
2
gba-bdac 5
cgb-bdac 6
1303
3
dja-bdad 4
ch-bdad 6
jdi-bdad 1
1304
2
bbif-bdae 5
bahi-bdae 6
1305
1
ga-bdaf 11
1306
1
badg-bdag 11
1307
2
ibd-bdah 7
beeg-bdah 4
1308
2
bajh-bdai 4
baij-bdai 7
1309
2
je-bdaj 5
hed-bdaj 6
1310
1
bbch-bdba 11
1311
1
jeh-bdbb 11
1312
1
bcgf-bdbc 11
1314
1
hh-bdbe 11
1315
1
hf-bdbf 11
1316
3
hdj-bdbg 1
ddc-bdbg 1
bfii-bdbg 1
1317
1
jhg-bdbh 11
1318
2
dbc-bdbi 8
bfbc-bdbi 3
1319
4
bbci-bdbj 1
jfa-bdbj 4
dhe-bdbj 2
gid-bdbj 5
1320
1
fej-bdca 11
1321
2
cii-bdcb 3
ibj-bdcb 8
1322
2
iig-bdcc 2
bdhf-bdcc 9
1323
2
bbcb-bdcd 5
bdgd-bdcd 6
1324
1
jfc-bdce 11
1325
1
faa-bdcf 11
1326
1
bce-bdcg 11
1327
2
hgc-bdch 7
cac-bdch 4
1328
2
efh-bdci 8
ci-bdci 3
1329
2
feb-bdcj 5
jjc-bdcj 6
1330
2
efh-bdda 9
bebj-bdda 2
1331
1
bbbg-bddb 11
1333
2
bcbf-bddd 7
daa-bddd 4
1334
2
jif-bdde 9
bid-bdde 2
1335
3
gig-bddf 1
bbbg-bddf 4
bbcc-bddf 6
1336
1
badj-bddg 11
1337
1
bffa-bddh 11
1338
1
fjg-bddi 11
1339
3
bcaf-bddj 5
bj-bddj 1
bbbe-bddj 6
1340
1
dc-bdea 11
1341
2
jaf-bdeb 4
bdif-bdeb 7
1342
4
ida-bdec 1
cca-bdec 1
bfeg-bdec 1
bfaf-bdec 10
1343
2
bbbi-bded 1
befd-bded 10
1344
3
bcie-bdee 3
gii-bdee 7
cgc-bdee 2
1345
2
hbe-bdef 9
bbeg-bdef 2
1346
3
hdh-bdeg 5
iai-bdeg 3
bgfb-bdeg 5
1347
2
cfc-bdeh 8
ecj-bdeh 3
1348
1
bccd-bdei 11
1349
2
jag-bdej 6
bfaa-bdej 5
1350
3
jjf-bdfa 1
hdb-bdfa 6
bje-bdfa 4
1351
2
icf-bdfb 1
ijg-bdfb 10
1352
1
hdc-bdfc 11
1353
2
bec-bdfd 9
efb-bdfd 2
1354
2
gdf-bdfe 7
bfeg-bdfe 4
1355
1
jga-bdff 11
1356
2
bib-bdfg 1
bdic-bdfg 10
1357
2
bacc-bdfh 8
bege-bdfh 3
1358
2
jcf-bdfi 1
becc-bdfi 10
1359
3
bbjf-bdfj 3
cdf-bdfj 1
hae-bdfj 8
1360
4
ihf-bdga 6
begc-bdga 1
ehh-bdga 2
bafa-bdga 3
1361
3
hig-bdgb 1
fca-bdgb 1
bead-bdgb 10
1362
2
bcbd-bdgc 1
eba-bdgc 10
1363
2
gga-bdgd 1
gbc-bdgd 10
1364
1
baej-bdge 11
1365
3
gdb-bdgf 1
bfbe-bdgf 9
fcc-bdgf 2
1366
1
fbh-bdgg 11
1367
2
ghj-bdgh 7
eea-bdgh 4
1368
2
bdj-bdgi 6
bdjb-bdgi 5
1369
2
hhh-bdgj 1
bgdi-bdgj 3
1370
3
gfj-bdha 2
daj-bdha 3
behi-bdha 7
1371
2
hbh-bdhb 10
haf-bdhb 1
1372
2
jei-bdhc 1
bahg-bdhc 10
1373
2
bcbg-bdhd 8
bae-bdhd 3
1374
4
bagb-bdhe 9
jjj-bdhe 2
baia-bdhe 1
ecc-bdhe 1
1375
2
bcdh-bdhf 1
bfae-bdhf 10
1376
1
efd-bdhg 11
1377
1
bdfd-bdhh 11
1378
3
ihe-bdhi 1
ccf-bdhi 9
hb-bdhi 1
1379
1
iah-bdhj 11
1380
2
jgg-bdia 7
bgff-bdia 4
1381
1
bcfi-bdib 11
1382
1
hhg-bdic 11
1383
1
beh-bdid 11
1384
1
igc-bdie 11
1385
2
fgc-bdif 7
f-bdif 4
1386
2
bajc-bdig 1
bdge-bdig 10
1387
1
ijf-bdih 11
1388
2
cch-bdii 10
fbg-bdii 1
1389
1
fbg-bdij 11
1390
2
bbhb-bdja 10
bdeb-bdja 1
1391
1
bchd-bdjb 11
1392
2
ifh-bdjc 4
bfbb-bdjc 7
1393
1
eca-bdjd 11
1394
3
bacj-bdje 9
cge-bdje 1
bbjb-bdje 1
1395
1
jig-bdjf 11
1396
1
bdef-bdjg 11
1397
2
baj-bdjh 2
bfdf-bdjh 9
1398
2
bej-bdji 1
egb-bdji 10
1399
2
cb-bdjj 1
bccf-bdjj 10
1400
2
bcfj-beaa 6
eeb-beaa 5
1401
2
baai-beab 5
bdde-beab 6
1403
2
bib-bead 9
bafg-bead 2
1404
1
bdch-beae 11
1405
1
geb-beaf 11
1406
1
cci-beag 11
1407
3
jie-beah 1
bche-beah 2
bgfc-beah 8
1408
1
ida-beai 11
1409
2
bcea-beaj 1
dea-beaj 10
1410
3
bbf-beba 7
bbcb-beba 3
bfg-beba 1
1411
1
bgf-bebb 11
1412
1
bbah-bebc 11
1413
2
babc-bebd 1
bejj-bebd 10
1414
1
bccd-bebe 11
1415
2
bbfj-bebf 10
ghb-bebf 1
1416
1
idj-bebg 11
1417
2
bbgc-bebh 1
dag-bebh 1
1418
1
fad-bebi 11
1419
1
bbec-bebj 11
1420
2
ddg-beca 4
jjf-beca 7
1421
3
jed-becb 1
bcg-becb 2
bfbj-becb 9
1422
2
bcc-becc 2
haf-becc 9
1423
2
fba-becd 4
bbii-becd 7
1424
1
fii-bece 11
1425
2
hce-becf 3
fed-becf 1
1426
1
bagi-becg 11
1427
1
dfj-bech 11
1428
1
bbgj-beci 11
1429
2
bdbi-becj 1
hec-becj 10
1430
3
bc-beda 1
bfhh-beda 6
cbd-beda 5
1431
1
bebd-bedb 11
1432
2
baic-bedc 2
bfaj-bedc 9
1433
1
ceg-bedd 11
1434
2
bbda-bede 10
hf-bede 1
1435
2
ebh-bedf 10
djf-bedf 1
1436
2
gfg-bedg 1
jbg-bedg 10
1437
2
baha-bedh 5
bgai-bedh 6
1438
2
iib-bedi 10
bfba-bedi 1
1439
1
igd-bedj 11
1441
2
hcf-beeb 9
bbee-beeb 2
1442
1
jba-beec 11
1443
3
dgj-beed 1
becd-beed 7
bfih-beed 4
1444
2
hhc-beee 2
eff-beee 9
1445
2
hhf-beef 1
icf-beef 10
1446
3
he-beeg 4
bdeb-beeg 7
befc-beeg 1
1447
1
bdgc-beeh 11
1448
1
bdcg-beei 11
1449
1
cge-beej 11
1450
2
cbc-befa 9
ebe-befa 2
1451
1
babd-befb 11
1452
1
bchf-befc 11
1453
3
iia-befd 7
chj-befd 1
dci-befd 3
1454
1
fif-befe 11
1455
2
hc-beff 1
fid-beff 10
1456
1
bah-befg 11
1457
1
heh-befh 11
1458
1
bahf-befi 11
1459
1
bdgc-befj 11
1460
1
gca-bega 11
1461
1
iie-begb 11
1462
2
ghf-begc 5
bgad-begc 6
1463
1
bdgi-begd 11
1464
2
babb-bege 7
bdci-bege 4
1465
1
dfc-begf 11
1466
2
ifb-begg 3
bfai-begg 1
1467
1
eac-begh 11
1468
1
cff-begi 11
1469
2
bbfb-begj 10
eef-begj 1
1470
3
bebd-beha 1
hcj-beha 8
cji-beha 3
1471
1
bfdh-behb 11
1472
1
ifa-behc 11
1473
1
eda-behd 11
1474
3
baja-behe 2
ihd-behe 2
bgaa-behe 7
1475
1
hdf-behf 11
1476
1
iei-behg 11
1477
1
bcgg-behh 11
1478
2
bjh-behi 2
bgde-behi 9
1479
3
dcd-behj 2
ihb-behj 1
dbd-behj 3
1480
1
ffd-beia 11
1481
1
bdaj-beib 11
1482
3
bbb-beic 2
ec-beic 2
dg-beic 9
1483
2
bdje-beid 3
iai-beid 8
1484
1
cgc-beie 11
1485
3
hfb-beif 1
cii-beif 1
gab-beif 10
1486
2
bedd-beig 7
baf-beig 4
1487
2
dcc-beih 2
ijd-beih 9
1488
1
cbe-beii 11
1489
2
che-beij 1
bah-beij 10
1490
1
cid-beja 11
1491
1
bace-bejb 11
1493
1
badc-bejd 11
1494
1
baag-beje 11
1495
1
jhi-bejf 11
1496
2
cha-bejg 2
bcag-bejg 9
1497
1
bdaa-bejh 11
1498
2
ifa-beji 1
dcf-beji 2
1499
1
cdg-bejj 11
1500
2
bhf-bfaa 4
ccd-bfaa 7
1501
1
fbi-bfab 11
1503
1
jhc-bfad 11
1504
3
ecc-bfae 5
bfah-bfae 5
bai-bfae 1
1505
2
hbb-bfaf 1
bedh-bfaf 10
1506
2
jai-bfag 10
bdad-bfag 1
1507
1
jbf-bfah 11
1508
1
bcaj-bfai 11
1509
1
bcjd-bfaj 11
1510
1
bdgg-bfba 11
1511
1
hda-bfbb 11
1512
1
ijd-bfbc 11
1513
3
fia-bfbd 6
bbjd-bfbd 1
dcg-bfbd 4
1514
1
behh-bfbe 11
1515
2
efe-bfbf 7
bdga-bfbf 4
1516
1
hih-bfbg 11
1518
1
jjc-bfbi 11
1519
1
beif-bfbj 11
1520
1
ghc-bfca 11
1521
3
bbba-bfcb 3
gfa-bfcb 1
gaj-bfcb 8
1522
1
gga-bfcc 11
1523
3
ggc-bfcd 1
bdbj-bfcd 6
bcdc-bfcd 5
1524
1
jh-bfce 11
1525
1
bca-bfcf 11
1526
3
cjc-bfcg 7
bfgg-bfcg 1
bgdj-bfcg 3
1527
1
bafe-bfch 11
1528
1
fjb-bfci 11
1529
2
dif-bfcj 6
gh-bfcj 5
1530
2
baai-bfda 10
bgce-bfda 1
1531
1
iih-bfdb 11
1532
1
bfbc-bfdc 11
1533
1
bcgh-bfdd 11
1534
1
jgf-bfde 11
1535
1
ddf-bfdf 11
1536
1
bdfi-bfdg 11
1537
1
bdec-bfdh 11
1538
2
ihc-bfdi 2
fgc-bfdi 9
1539
2
bddd-bfdj 9
dgg-bfdj 2
1540
1
jdg-bfea 11
1541
1
ggf-bfeb 11
1542
2
bdge-bfec 1
edg-bfec 1
1543
2
iia-bfed 6
iea-bfed 5
1544
2
dae-bfee 5
fhi-bfee 6
1545
4
ied-bfef 7
bgaf-bfef 1
faa-bfef 2
bgda-bfef 1
1546
1
dfb-bfeg 11
1547
1
fdc-bfeh 11
1548
1
cbf-bfei 11
1549
1
bdia-bfej 11
1550
1
iab-bffa 11
1551
1
bda-bffb 11
1552
1
iai-bffc 11
1553
1
egi-bffd 11
1554
1
jai-bffe 11
1555
1
becg-bfff 11
1556
1
gci-bffg 11
1557
1
ghi-bffh 11
1558
1
ed-bffi 11
1559
1
eda-bffj 11
1560
2
dcg-bfga 1
bfj-bfga 1
1561
2
beif-bfgb 10
bcfj-bfgb 1
1562
1
bdac-bfgc 11
1563
1
ihj-bfgd 11
1564
1
chj-bfge 11
1565
2
eig-bfgf 1
bgga-bfgf 10
1566
1
ec-bfgg 11
1567
1
bbie-bfgh 11
1568
3
fea-bfgi 1
bgee-bfgi 1
bgej-bfgi 9
1570
1
cga-bfha 11
1571
1
bhg-bfhb 11
1572
1
dgd-bfhc 11
1573
1
bdgb-bfhd 11
1574
1
bfi-bfhe 11
1575
2
jjj-bfhf 10
ded-bfhf 1
1576
2
ibi-bfhg 2
bfhi-bfhg 9
1577
1
ibh-bfhh 11
1578
1
ice-bfhi 11
1579
2
gih-bfhj 3
bejj-bfhj 8
1580
1
df-bfia 11
1581
1
bdca-bfib 11
1582
2
igc-bfic 6
bgfg-bfic 5
1583
1
hfa-bfid 11
1584
1
ceh-bfie 11
1585
2
dfi-bfif 10
caa-bfif 1
1587
1
cif-bfih 11
1588
2
edc-bfii 3
hjg-bfii 8
1589
1
gih-bfij 11
1590
1
bie-bfja 11
1591
1
icj-bfjb 11
1592
1
bej-bfjc 11
1593
1
bajd-bfjd 11
1594
1
bfba-bfje 11
1595
1
cdg-bfjf 11
1596
1
bdej-bfjg 11
1597
1
bcga-bfjh 11
1598
1
bebd-bfji 11
1599
1
hhg-bfjj 11
1600
1
bcdd-bgaa 11
1601
1
fga-bgab 11
1602
1
babg-bgac 11
1603
1
bdba-bgad 11
1604
1
bajd-bgae 11
1605
1
beab-bgaf 11
1606
1
bed-bgag 11
1607
1
bdhi-bgah 11
1608
1
baji-bgai 11
1609
1
egb-bgaj 11
1610
1
ddd-bgba 11
1611
1
dib-bgbb 11
1612
1
bba-bgbc 11
1613
2
bfb-bgbd 3
bfje-bgbd 8
1614
1
bfhe-bgbe 11
1615
1
bbfa-bgbf 11
1616
1
dff-bgbg 11
1617
2
ece-bgbh 3
bgfh-bgbh 8
1618
1
bfjc-bgbi 11
1619
1
cbj-bgbj 11
1620
1
hjh-bgca 11
1621
1
icd-bgcb 11
1622
2
dga-bgcc 10
bdbe-bgcc 1
1624
1
bacd-bgce 11
1625
1
cib-bgcf 11
1626
1
cba-bgcg 11
1627
1
cga-bgch 11
1628
2
hje-bgci 9
bda-bgci 2
1629
1
beeg-bgcj 11
1630
1
bcai-bgda 11
1631
1
jdd-bgdb 11
1632
1
gbb-bgdc 11
1633
3
bhf-bgdd 1
ede-bgdd 10
bffd-bgdd 1
1634
1
beic-bgde 11
1635
1
bbia-bgdf 11
1636
1
baf-bgdg 11
1637
1
hhh-bgdh 11
1638
2
jdi-bgdi 2
bach-bgdi 9
1639
1
jdb-bgdj 11
1640
1
bcia-bgea 11
1641
1
ega-bgeb 11
1642
2
bacg-bgec 4
djd-bgec 7
1643
1
behi-bged 11
1644
1
hjf-bgee 11
1645
1
fed-bgef 11
1646
1
baca-bgeg 11
1647
1
bece-bgeh 11
1648
1
bgca-bgei 11
1649
1
jej-bgej 11
1650
1
bddj-bgfa 11
1651
1
bhh-bgfb 11
1652
1
bfjg-bgfc 11
1653
2
gif-bgfd 10
ddb-bgfd 1
1654
1
bfcf-bgfe 11
1655
1
bcgh-bgff 11
1656
1
bce-bgfg 11
1657
1
bgbi-bgfh 11
1658
1
bie-bgfi 11
1659
1
eef-bgfj 11
1660
1
bdhi-bgga 11
1661
1
bdhg-bggb 11
